<?xml version="1.0" encoding="UTF-8"?>
<testsuite name="com.Imadeveloperrr.book.springboot.web.HelloControllerTest" tests="2" skipped="0" failures="0" errors="0" timestamp="2022-08-09T12:55:26" hostname="DESKTOP-58KD2SE" time="0.21">
  <properties/>
  <testcase name="hellodto가_리턴된다" classname="com.Imadeveloperrr.book.springboot.web.HelloControllerTest" time="0.2"/>
  <testcase name="hello가_리턴된다" classname="com.Imadeveloperrr.book.springboot.web.HelloControllerTest" time="0.01"/>
  <system-out><![CDATA[2022-08-09 21:55:24.867  INFO 23324 --- [    Test worker] .b.t.a.w.s.WebMvcTestContextBootstrapper : Neither @ContextConfiguration nor @ContextHierarchy found for test class [com.Imadeveloperrr.book.springboot.web.HelloControllerTest], using SpringBootContextLoader
2022-08-09 21:55:24.868  INFO 23324 --- [    Test worker] o.s.t.c.support.AbstractContextLoader    : Could not detect default resource locations for test class [com.Imadeveloperrr.book.springboot.web.HelloControllerTest]: no resource found for suffixes {-context.xml, Context.groovy}.
2022-08-09 21:55:24.869  INFO 23324 --- [    Test worker] t.c.s.AnnotationConfigContextLoaderUtils : Could not detect default configuration classes for test class [com.Imadeveloperrr.book.springboot.web.HelloControllerTest]: HelloControllerTest does not declare any static, non-private, non-final, nested classes annotated with @Configuration.
2022-08-09 21:55:24.901  INFO 23324 --- [    Test worker] .b.t.c.SpringBootTestContextBootstrapper : Found @SpringBootConfiguration com.Imadeveloperrr.book.springboot.Application for test class com.Imadeveloperrr.book.springboot.web.HelloControllerTest
2022-08-09 21:55:24.902  INFO 23324 --- [    Test worker] .b.t.a.w.s.WebMvcTestContextBootstrapper : Loaded default TestExecutionListener class names from location [META-INF/spring.factories]: [org.springframework.security.test.context.support.WithSecurityContextTestExecutionListener, org.springframework.security.test.context.support.ReactorContextTestExecutionListener, org.springframework.boot.test.autoconfigure.restdocs.RestDocsTestExecutionListener, org.springframework.boot.test.autoconfigure.web.client.MockRestServiceServerResetTestExecutionListener, org.springframework.boot.test.autoconfigure.web.servlet.MockMvcPrintOnlyOnFailureTestExecutionListener, org.springframework.boot.test.autoconfigure.web.servlet.WebDriverTestExecutionListener, org.springframework.boot.test.mock.mockito.MockitoTestExecutionListener, org.springframework.boot.test.mock.mockito.ResetMocksTestExecutionListener, org.springframework.test.context.web.ServletTestExecutionListener, org.springframework.test.context.support.DirtiesContextBeforeModesTestExecutionListener, org.springframework.test.context.support.DependencyInjectionTestExecutionListener, org.springframework.test.context.support.DirtiesContextTestExecutionListener, org.springframework.test.context.transaction.TransactionalTestExecutionListener, org.springframework.test.context.jdbc.SqlScriptsTestExecutionListener]
2022-08-09 21:55:24.907  INFO 23324 --- [    Test worker] .b.t.a.w.s.WebMvcTestContextBootstrapper : Using TestExecutionListeners: [org.springframework.test.context.web.ServletTestExecutionListener@4034a192, org.springframework.test.context.support.DirtiesContextBeforeModesTestExecutionListener@d505355, org.springframework.boot.test.mock.mockito.MockitoTestExecutionListener@2dbfe85a, org.springframework.boot.test.autoconfigure.SpringBootDependencyInjectionTestExecutionListener@6173e346, org.springframework.test.context.support.DirtiesContextTestExecutionListener@42ef6cb, org.springframework.test.context.transaction.TransactionalTestExecutionListener@b6bd7e0, org.springframework.test.context.jdbc.SqlScriptsTestExecutionListener@594413ef, org.springframework.security.test.context.support.WithSecurityContextTestExecutionListener@2753b252, org.springframework.security.test.context.support.ReactorContextTestExecutionListener@543890dd, org.springframework.boot.test.autoconfigure.restdocs.RestDocsTestExecutionListener@1b9996d, org.springframework.boot.test.autoconfigure.web.client.MockRestServiceServerResetTestExecutionListener@789b29de, org.springframework.boot.test.autoconfigure.web.servlet.MockMvcPrintOnlyOnFailureTestExecutionListener@4260d5bd, org.springframework.boot.test.autoconfigure.web.servlet.WebDriverTestExecutionListener@524e0b54, org.springframework.boot.test.mock.mockito.ResetMocksTestExecutionListener@1ff18281]

  .   ____          _            __ _ _
 /\\ / ___'_ __ _ _(_)_ __  __ _ \ \ \ \
( ( )\___ | '_ | '_| | '_ \/ _` | \ \ \ \
 \\/  ___)| |_)| | | | | || (_| |  ) ) ) )
  '  |____| .__|_| |_|_| |_\__, | / / / /
 =========|_|==============|___/=/_/_/_/
 :: Spring Boot ::        (v2.1.7.RELEASE)

2022-08-09 21:55:24.969  INFO 23324 --- [    Test worker] c.I.b.s.web.HelloControllerTest          : Starting HelloControllerTest on DESKTOP-58KD2SE with PID 23324 (started by pc in C:\스프링공부\freelec-springboot2-webservice)
2022-08-09 21:55:24.971  INFO 23324 --- [    Test worker] c.I.b.s.web.HelloControllerTest          : No active profile set, falling back to default profiles: default
2022-08-09 21:55:25.671  INFO 23324 --- [    Test worker] o.s.s.concurrent.ThreadPoolTaskExecutor  : Initializing ExecutorService 'applicationTaskExecutor'
2022-08-09 21:55:25.717  INFO 23324 --- [    Test worker] o.s.b.a.w.s.WelcomePageHandlerMapping    : Adding welcome page template: index
2022-08-09 21:55:26.034  INFO 23324 --- [    Test worker] .s.s.UserDetailsServiceAutoConfiguration : 

Using generated security password: 7716463e-5389-47bd-b9f4-f64b4a45d6e7

2022-08-09 21:55:26.294  INFO 23324 --- [    Test worker] o.s.s.web.DefaultSecurityFilterChain     : Creating filter chain: any request, [org.springframework.security.web.context.request.async.WebAsyncManagerIntegrationFilter@2e302c06, org.springframework.security.web.context.SecurityContextPersistenceFilter@5da37ee7, org.springframework.security.web.header.HeaderWriterFilter@1e860c14, org.springframework.security.web.csrf.CsrfFilter@5a7b1d52, org.springframework.security.web.authentication.logout.LogoutFilter@3a243e03, org.springframework.security.web.authentication.UsernamePasswordAuthenticationFilter@7a9e6a19, org.springframework.security.web.authentication.ui.DefaultLoginPageGeneratingFilter@288219b4, org.springframework.security.web.authentication.ui.DefaultLogoutPageGeneratingFilter@2276c9d6, org.springframework.security.web.authentication.www.BasicAuthenticationFilter@ef4d625, org.springframework.security.web.savedrequest.RequestCacheAwareFilter@32f39005, org.springframework.security.web.servletapi.SecurityContextHolderAwareRequestFilter@1cbbcce3, org.springframework.security.web.authentication.AnonymousAuthenticationFilter@a1b6643, org.springframework.security.web.session.SessionManagementFilter@1c15031b, org.springframework.security.web.access.ExceptionTranslationFilter@366b2a9c, org.springframework.security.web.access.intercept.FilterSecurityInterceptor@7d48eb8b]
2022-08-09 21:55:26.349  INFO 23324 --- [    Test worker] o.s.b.t.m.w.SpringBootMockServletContext : Initializing Spring TestDispatcherServlet ''
2022-08-09 21:55:26.349  INFO 23324 --- [    Test worker] o.s.t.web.servlet.TestDispatcherServlet  : Initializing Servlet ''
2022-08-09 21:55:26.367  INFO 23324 --- [    Test worker] o.s.t.web.servlet.TestDispatcherServlet  : Completed initialization in 17 ms
2022-08-09 21:55:26.410  INFO 23324 --- [    Test worker] c.I.b.s.web.HelloControllerTest          : Started HelloControllerTest in 1.497 seconds (JVM running for 14.066)
]]></system-out>
  <system-err><![CDATA[]]></system-err>
</testsuite>
