<?xml version="1.0" encoding="UTF-8"?>
<testsuite name="com.Imadeveloperrr.book.springboot.web.IndexControllerTest" tests="1" skipped="0" failures="0" errors="0" timestamp="2022-08-11T06:47:05" hostname="DESKTOP-58KD2SE" time="0.317">
  <properties/>
  <testcase name="메인페이지_로딩" classname="com.Imadeveloperrr.book.springboot.web.IndexControllerTest" time="0.317"/>
  <system-out><![CDATA[2022-08-11 15:47:02.512  INFO 4344 --- [    Test worker] .b.t.c.SpringBootTestContextBootstrapper : Neither @ContextConfiguration nor @ContextHierarchy found for test class [com.Imadeveloperrr.book.springboot.web.IndexControllerTest], using SpringBootContextLoader
2022-08-11 15:47:02.513  INFO 4344 --- [    Test worker] o.s.t.c.support.AbstractContextLoader    : Could not detect default resource locations for test class [com.Imadeveloperrr.book.springboot.web.IndexControllerTest]: no resource found for suffixes {-context.xml, Context.groovy}.
2022-08-11 15:47:02.514  INFO 4344 --- [    Test worker] t.c.s.AnnotationConfigContextLoaderUtils : Could not detect default configuration classes for test class [com.Imadeveloperrr.book.springboot.web.IndexControllerTest]: IndexControllerTest does not declare any static, non-private, non-final, nested classes annotated with @Configuration.
2022-08-11 15:47:02.517  INFO 4344 --- [    Test worker] .b.t.c.SpringBootTestContextBootstrapper : Found @SpringBootConfiguration com.Imadeveloperrr.book.springboot.Application for test class com.Imadeveloperrr.book.springboot.web.IndexControllerTest
2022-08-11 15:47:02.519  INFO 4344 --- [    Test worker] .b.t.c.SpringBootTestContextBootstrapper : Loaded default TestExecutionListener class names from location [META-INF/spring.factories]: [org.springframework.security.test.context.support.WithSecurityContextTestExecutionListener, org.springframework.security.test.context.support.ReactorContextTestExecutionListener, org.springframework.boot.test.autoconfigure.restdocs.RestDocsTestExecutionListener, org.springframework.boot.test.autoconfigure.web.client.MockRestServiceServerResetTestExecutionListener, org.springframework.boot.test.autoconfigure.web.servlet.MockMvcPrintOnlyOnFailureTestExecutionListener, org.springframework.boot.test.autoconfigure.web.servlet.WebDriverTestExecutionListener, org.springframework.boot.test.mock.mockito.MockitoTestExecutionListener, org.springframework.boot.test.mock.mockito.ResetMocksTestExecutionListener, org.springframework.test.context.web.ServletTestExecutionListener, org.springframework.test.context.support.DirtiesContextBeforeModesTestExecutionListener, org.springframework.test.context.support.DependencyInjectionTestExecutionListener, org.springframework.test.context.support.DirtiesContextTestExecutionListener, org.springframework.test.context.transaction.TransactionalTestExecutionListener, org.springframework.test.context.jdbc.SqlScriptsTestExecutionListener]
2022-08-11 15:47:02.521  INFO 4344 --- [    Test worker] .b.t.c.SpringBootTestContextBootstrapper : Using TestExecutionListeners: [org.springframework.test.context.web.ServletTestExecutionListener@7f80f162, org.springframework.test.context.support.DirtiesContextBeforeModesTestExecutionListener@2d81268a, org.springframework.boot.test.mock.mockito.MockitoTestExecutionListener@6e6edc27, org.springframework.boot.test.autoconfigure.SpringBootDependencyInjectionTestExecutionListener@d3c00f5, org.springframework.test.context.support.DirtiesContextTestExecutionListener@75cfebd1, org.springframework.test.context.transaction.TransactionalTestExecutionListener@515e3694, org.springframework.test.context.jdbc.SqlScriptsTestExecutionListener@4949477c, org.springframework.security.test.context.support.WithSecurityContextTestExecutionListener@249fdd08, org.springframework.security.test.context.support.ReactorContextTestExecutionListener@2e843b29, org.springframework.boot.test.autoconfigure.restdocs.RestDocsTestExecutionListener@e4e42fb, org.springframework.boot.test.autoconfigure.web.client.MockRestServiceServerResetTestExecutionListener@d3f96e9, org.springframework.boot.test.autoconfigure.web.servlet.MockMvcPrintOnlyOnFailureTestExecutionListener@57127ddb, org.springframework.boot.test.autoconfigure.web.servlet.WebDriverTestExecutionListener@58405963, org.springframework.boot.test.mock.mockito.ResetMocksTestExecutionListener@2465910a]

  .   ____          _            __ _ _
 /\\ / ___'_ __ _ _(_)_ __  __ _ \ \ \ \
( ( )\___ | '_ | '_| | '_ \/ _` | \ \ \ \
 \\/  ___)| |_)| | | | | || (_| |  ) ) ) )
  '  |____| .__|_| |_|_| |_\__, | / / / /
 =========|_|==============|___/=/_/_/_/
 :: Spring Boot ::        (v2.1.7.RELEASE)

2022-08-11 15:47:02.576  INFO 4344 --- [    Test worker] c.I.b.s.web.IndexControllerTest          : Starting IndexControllerTest on DESKTOP-58KD2SE with PID 4344 (started by pc in C:\스프링공부\freelec-springboot2-webservice)
2022-08-11 15:47:02.576  INFO 4344 --- [    Test worker] c.I.b.s.web.IndexControllerTest          : No active profile set, falling back to default profiles: default
2022-08-11 15:47:02.973  INFO 4344 --- [    Test worker] .s.d.r.c.RepositoryConfigurationDelegate : Bootstrapping Spring Data repositories in DEFAULT mode.
2022-08-11 15:47:03.020  INFO 4344 --- [    Test worker] .s.d.r.c.RepositoryConfigurationDelegate : Finished Spring Data repository scanning in 47ms. Found 2 repository interfaces.
2022-08-11 15:47:03.184  INFO 4344 --- [    Test worker] trationDelegate$BeanPostProcessorChecker : Bean 'org.springframework.transaction.annotation.ProxyTransactionManagementConfiguration' of type [org.springframework.transaction.annotation.ProxyTransactionManagementConfiguration$$EnhancerBySpringCGLIB$$c1378152] is not eligible for getting processed by all BeanPostProcessors (for example: not eligible for auto-proxying)
2022-08-11 15:47:03.597  INFO 4344 --- [    Test worker] o.s.b.w.embedded.tomcat.TomcatWebServer  : Tomcat initialized with port(s): 0 (http)
2022-08-11 15:47:03.660  INFO 4344 --- [    Test worker] o.apache.catalina.core.StandardService   : Starting service [Tomcat]
2022-08-11 15:47:03.661  INFO 4344 --- [    Test worker] org.apache.catalina.core.StandardEngine  : Starting Servlet engine: [Apache Tomcat/9.0.22]
2022-08-11 15:47:03.959  INFO 4344 --- [    Test worker] o.a.c.c.C.[Tomcat].[localhost].[/]       : Initializing Spring embedded WebApplicationContext
2022-08-11 15:47:03.959  INFO 4344 --- [    Test worker] o.s.web.context.ContextLoader            : Root WebApplicationContext: initialization completed in 1379 ms
2022-08-11 15:47:04.237  INFO 4344 --- [    Test worker] com.zaxxer.hikari.HikariDataSource       : HikariPool-2 - Starting...
2022-08-11 15:47:04.238  INFO 4344 --- [    Test worker] com.zaxxer.hikari.HikariDataSource       : HikariPool-2 - Start completed.
2022-08-11 15:47:04.313  INFO 4344 --- [    Test worker] o.hibernate.jpa.internal.util.LogHelper  : HHH000204: Processing PersistenceUnitInfo [
	name: default
	...]
2022-08-11 15:47:04.334  INFO 4344 --- [    Test worker] org.hibernate.dialect.Dialect            : HHH000400: Using dialect: org.hibernate.dialect.MySQL5InnoDBDialect
Hibernate: drop table if exists posts
Hibernate: drop table if exists user
Hibernate: create table posts (id bigint not null auto_increment, created_date datetime, modified_date datetime, author varchar(255), content TEXT not null, title varchar(500) not null, primary key (id)) engine=InnoDB
Hibernate: create table user (id bigint not null auto_increment, created_date datetime, modified_date datetime, email varchar(255) not null, name varchar(255) not null, picture varchar(255), role varchar(255) not null, primary key (id)) engine=InnoDB
2022-08-11 15:47:04.415  INFO 4344 --- [    Test worker] o.h.t.schema.internal.SchemaCreatorImpl  : HHH000476: Executing import script 'org.hibernate.tool.schema.internal.exec.ScriptSourceInputNonExistentImpl@3f85e0ee'
2022-08-11 15:47:04.416  INFO 4344 --- [    Test worker] j.LocalContainerEntityManagerFactoryBean : Initialized JPA EntityManagerFactory for persistence unit 'default'
2022-08-11 15:47:04.837  INFO 4344 --- [    Test worker] o.h.h.i.QueryTranslatorFactoryInitiator  : HHH000397: Using ASTQueryTranslatorFactory
2022-08-11 15:47:05.030  INFO 4344 --- [    Test worker] o.s.s.web.DefaultSecurityFilterChain     : Creating filter chain: any request, [org.springframework.security.web.context.request.async.WebAsyncManagerIntegrationFilter@49baac6, org.springframework.security.web.context.SecurityContextPersistenceFilter@3828c748, org.springframework.security.web.header.HeaderWriterFilter@1223b5fc, org.springframework.security.web.authentication.logout.LogoutFilter@1b568c64, org.springframework.security.oauth2.client.web.OAuth2AuthorizationRequestRedirectFilter@342368e2, org.springframework.security.oauth2.client.web.OAuth2LoginAuthenticationFilter@95a0c86, org.springframework.security.web.authentication.ui.DefaultLoginPageGeneratingFilter@653a050c, org.springframework.security.web.authentication.ui.DefaultLogoutPageGeneratingFilter@aa12dea, org.springframework.security.web.savedrequest.RequestCacheAwareFilter@cd1d1e1, org.springframework.security.web.servletapi.SecurityContextHolderAwareRequestFilter@3d219d2, org.springframework.security.web.authentication.AnonymousAuthenticationFilter@256a3024, org.springframework.security.web.session.SessionManagementFilter@3b1ba2b6, org.springframework.security.web.access.ExceptionTranslationFilter@62aadcf0, org.springframework.security.web.access.intercept.FilterSecurityInterceptor@68acd30c]
2022-08-11 15:47:05.240  INFO 4344 --- [    Test worker] o.s.s.concurrent.ThreadPoolTaskExecutor  : Initializing ExecutorService 'applicationTaskExecutor'
2022-08-11 15:47:05.254  WARN 4344 --- [    Test worker] aWebConfiguration$JpaWebMvcConfiguration : spring.jpa.open-in-view is enabled by default. Therefore, database queries may be performed during view rendering. Explicitly configure spring.jpa.open-in-view to disable this warning
2022-08-11 15:47:05.293  INFO 4344 --- [    Test worker] o.s.b.a.w.s.WelcomePageHandlerMapping    : Adding welcome page template: index
2022-08-11 15:47:05.691  INFO 4344 --- [    Test worker] s.a.ScheduledAnnotationBeanPostProcessor : No TaskScheduler/ScheduledExecutorService bean found for scheduled processing
2022-08-11 15:47:05.726  INFO 4344 --- [    Test worker] o.s.b.w.embedded.tomcat.TomcatWebServer  : Tomcat started on port(s): 50162 (http) with context path ''
2022-08-11 15:47:05.728  INFO 4344 --- [    Test worker] c.I.b.s.web.IndexControllerTest          : Started IndexControllerTest in 3.205 seconds (JVM running for 17.247)
2022-08-11 15:47:05.895  INFO 4344 --- [o-auto-1-exec-1] o.a.c.c.C.[Tomcat].[localhost].[/]       : Initializing Spring DispatcherServlet 'dispatcherServlet'
2022-08-11 15:47:05.896  INFO 4344 --- [o-auto-1-exec-1] o.s.web.servlet.DispatcherServlet        : Initializing Servlet 'dispatcherServlet'
2022-08-11 15:47:05.933  INFO 4344 --- [o-auto-1-exec-1] o.s.web.servlet.DispatcherServlet        : Completed initialization in 37 ms
Hibernate: select posts0_.id as id1_0_, posts0_.created_date as created_2_0_, posts0_.modified_date as modified3_0_, posts0_.author as author4_0_, posts0_.content as content5_0_, posts0_.title as title6_0_ from posts posts0_ order by posts0_.id DESC
]]></system-out>
  <system-err><![CDATA[]]></system-err>
</testsuite>
