<?xml version="1.0" encoding="UTF-8"?>
<testsuite name="com.Imadeveloperrr.book.springboot.web.HelloControllerTest" tests="2" skipped="0" failures="0" errors="0" timestamp="2022-07-31T15:45:06" hostname="DESKTOP-58KD2SE" time="0.922">
  <properties/>
  <testcase name="hellodto가_리턴된다" classname="com.Imadeveloperrr.book.springboot.web.HelloControllerTest" time="0.909"/>
  <testcase name="hello가_리턴된다" classname="com.Imadeveloperrr.book.springboot.web.HelloControllerTest" time="0.012"/>
  <system-out><![CDATA[00:45:00.626 [Test worker] DEBUG org.springframework.test.context.junit4.SpringJUnit4ClassRunner - SpringJUnit4ClassRunner constructor called with [class com.Imadeveloperrr.book.springboot.web.HelloControllerTest]
00:45:00.644 [Test worker] DEBUG org.springframework.test.context.BootstrapUtils - Instantiating CacheAwareContextLoaderDelegate from class [org.springframework.test.context.cache.DefaultCacheAwareContextLoaderDelegate]
00:45:00.661 [Test worker] DEBUG org.springframework.test.context.BootstrapUtils - Instantiating BootstrapContext using constructor [public org.springframework.test.context.support.DefaultBootstrapContext(java.lang.Class,org.springframework.test.context.CacheAwareContextLoaderDelegate)]
00:45:00.693 [Test worker] DEBUG org.springframework.test.context.BootstrapUtils - Instantiating TestContextBootstrapper for test class [com.Imadeveloperrr.book.springboot.web.HelloControllerTest] from class [org.springframework.boot.test.autoconfigure.web.servlet.WebMvcTestContextBootstrapper]
00:45:00.739 [Test worker] INFO org.springframework.boot.test.autoconfigure.web.servlet.WebMvcTestContextBootstrapper - Neither @ContextConfiguration nor @ContextHierarchy found for test class [com.Imadeveloperrr.book.springboot.web.HelloControllerTest], using SpringBootContextLoader
00:45:00.749 [Test worker] DEBUG org.springframework.test.context.support.AbstractContextLoader - Did not detect default resource location for test class [com.Imadeveloperrr.book.springboot.web.HelloControllerTest]: class path resource [com/Imadeveloperrr/book/springboot/web/HelloControllerTest-context.xml] does not exist
00:45:00.751 [Test worker] DEBUG org.springframework.test.context.support.AbstractContextLoader - Did not detect default resource location for test class [com.Imadeveloperrr.book.springboot.web.HelloControllerTest]: class path resource [com/Imadeveloperrr/book/springboot/web/HelloControllerTestContext.groovy] does not exist
00:45:00.751 [Test worker] INFO org.springframework.test.context.support.AbstractContextLoader - Could not detect default resource locations for test class [com.Imadeveloperrr.book.springboot.web.HelloControllerTest]: no resource found for suffixes {-context.xml, Context.groovy}.
00:45:00.753 [Test worker] INFO org.springframework.test.context.support.AnnotationConfigContextLoaderUtils - Could not detect default configuration classes for test class [com.Imadeveloperrr.book.springboot.web.HelloControllerTest]: HelloControllerTest does not declare any static, non-private, non-final, nested classes annotated with @Configuration.
00:45:00.902 [Test worker] DEBUG org.springframework.test.context.support.ActiveProfilesUtils - Could not find an 'annotation declaring class' for annotation type [org.springframework.test.context.ActiveProfiles] and class [com.Imadeveloperrr.book.springboot.web.HelloControllerTest]
00:45:01.035 [Test worker] DEBUG org.springframework.context.annotation.ClassPathScanningCandidateComponentProvider - Identified candidate component class: file [C:\스프링공부\freelec-springboot2-webservice\build\classes\java\main\com\Imadeveloperrr\book\springboot\Application.class]
00:45:01.037 [Test worker] INFO org.springframework.boot.test.context.SpringBootTestContextBootstrapper - Found @SpringBootConfiguration com.Imadeveloperrr.book.springboot.Application for test class com.Imadeveloperrr.book.springboot.web.HelloControllerTest
00:45:01.040 [Test worker] DEBUG org.springframework.boot.test.autoconfigure.web.servlet.WebMvcTestContextBootstrapper - @TestExecutionListeners is not present for class [com.Imadeveloperrr.book.springboot.web.HelloControllerTest]: using defaults.
00:45:01.042 [Test worker] INFO org.springframework.boot.test.autoconfigure.web.servlet.WebMvcTestContextBootstrapper - Loaded default TestExecutionListener class names from location [META-INF/spring.factories]: [org.springframework.security.test.context.support.WithSecurityContextTestExecutionListener, org.springframework.security.test.context.support.ReactorContextTestExecutionListener, org.springframework.boot.test.autoconfigure.restdocs.RestDocsTestExecutionListener, org.springframework.boot.test.autoconfigure.web.client.MockRestServiceServerResetTestExecutionListener, org.springframework.boot.test.autoconfigure.web.servlet.MockMvcPrintOnlyOnFailureTestExecutionListener, org.springframework.boot.test.autoconfigure.web.servlet.WebDriverTestExecutionListener, org.springframework.boot.test.mock.mockito.MockitoTestExecutionListener, org.springframework.boot.test.mock.mockito.ResetMocksTestExecutionListener, org.springframework.test.context.web.ServletTestExecutionListener, org.springframework.test.context.support.DirtiesContextBeforeModesTestExecutionListener, org.springframework.test.context.support.DependencyInjectionTestExecutionListener, org.springframework.test.context.support.DirtiesContextTestExecutionListener, org.springframework.test.context.transaction.TransactionalTestExecutionListener, org.springframework.test.context.jdbc.SqlScriptsTestExecutionListener]
00:45:01.082 [Test worker] INFO org.springframework.boot.test.autoconfigure.web.servlet.WebMvcTestContextBootstrapper - Using TestExecutionListeners: [org.springframework.test.context.web.ServletTestExecutionListener@4661adb1, org.springframework.test.context.support.DirtiesContextBeforeModesTestExecutionListener@3bb96a71, org.springframework.boot.test.mock.mockito.MockitoTestExecutionListener@64ae031a, org.springframework.boot.test.autoconfigure.SpringBootDependencyInjectionTestExecutionListener@37c1ab89, org.springframework.test.context.support.DirtiesContextTestExecutionListener@7c8694e5, org.springframework.test.context.transaction.TransactionalTestExecutionListener@c1c83e6, org.springframework.test.context.jdbc.SqlScriptsTestExecutionListener@18bef7ac, org.springframework.security.test.context.support.WithSecurityContextTestExecutionListener@22999ad1, org.springframework.security.test.context.support.ReactorContextTestExecutionListener@6a7003db, org.springframework.boot.test.autoconfigure.restdocs.RestDocsTestExecutionListener@21baec0, org.springframework.boot.test.autoconfigure.web.client.MockRestServiceServerResetTestExecutionListener@6d772ab8, org.springframework.boot.test.autoconfigure.web.servlet.MockMvcPrintOnlyOnFailureTestExecutionListener@3d66ad5, org.springframework.boot.test.autoconfigure.web.servlet.WebDriverTestExecutionListener@69d2dfaf, org.springframework.boot.test.mock.mockito.ResetMocksTestExecutionListener@36e011fb]
00:45:01.087 [Test worker] DEBUG org.springframework.test.annotation.ProfileValueUtils - Retrieved @ProfileValueSourceConfiguration [null] for test class [com.Imadeveloperrr.book.springboot.web.HelloControllerTest]
00:45:01.088 [Test worker] DEBUG org.springframework.test.annotation.ProfileValueUtils - Retrieved ProfileValueSource type [class org.springframework.test.annotation.SystemProfileValueSource] for class [com.Imadeveloperrr.book.springboot.web.HelloControllerTest]
00:45:01.089 [Test worker] DEBUG org.springframework.test.annotation.ProfileValueUtils - Retrieved @ProfileValueSourceConfiguration [null] for test class [com.Imadeveloperrr.book.springboot.web.HelloControllerTest]
00:45:01.089 [Test worker] DEBUG org.springframework.test.annotation.ProfileValueUtils - Retrieved ProfileValueSource type [class org.springframework.test.annotation.SystemProfileValueSource] for class [com.Imadeveloperrr.book.springboot.web.HelloControllerTest]
00:45:01.098 [Test worker] DEBUG org.springframework.test.context.support.AbstractDirtiesContextTestExecutionListener - Before test class: context [DefaultTestContext@68096a46 testClass = HelloControllerTest, testInstance = [null], testMethod = [null], testException = [null], mergedContextConfiguration = [WebMergedContextConfiguration@4cb93ba6 testClass = HelloControllerTest, locations = '{}', classes = '{class com.Imadeveloperrr.book.springboot.Application}', contextInitializerClasses = '[]', activeProfiles = '{}', propertySourceLocations = '{}', propertySourceProperties = '{org.springframework.boot.test.autoconfigure.web.servlet.WebMvcTestContextBootstrapper=true}', contextCustomizers = set[org.springframework.boot.test.autoconfigure.OverrideAutoConfigurationContextCustomizerFactory$DisableAutoConfigurationContextCustomizer@12b5b4d0, org.springframework.boot.test.autoconfigure.filter.TypeExcludeFiltersContextCustomizer@bf4e5a7e, org.springframework.boot.test.autoconfigure.properties.PropertyMappingContextCustomizer@9f0850f2, org.springframework.boot.test.autoconfigure.web.servlet.WebDriverContextCustomizerFactory$Customizer@65aba20, [ImportsContextCustomizer@a8022b8 key = [org.springframework.boot.autoconfigure.cache.CacheAutoConfiguration, org.springframework.boot.autoconfigure.context.MessageSourceAutoConfiguration, org.springframework.boot.autoconfigure.data.web.SpringDataWebAutoConfiguration, org.springframework.boot.autoconfigure.freemarker.FreeMarkerAutoConfiguration, org.springframework.boot.autoconfigure.groovy.template.GroovyTemplateAutoConfiguration, org.springframework.boot.autoconfigure.gson.GsonAutoConfiguration, org.springframework.boot.autoconfigure.hateoas.HypermediaAutoConfiguration, org.springframework.boot.autoconfigure.http.HttpMessageConvertersAutoConfiguration, org.springframework.boot.autoconfigure.jackson.JacksonAutoConfiguration, org.springframework.boot.autoconfigure.jsonb.JsonbAutoConfiguration, org.springframework.boot.autoconfigure.mustache.MustacheAutoConfiguration, org.springframework.boot.autoconfigure.task.TaskExecutionAutoConfiguration, org.springframework.boot.autoconfigure.thymeleaf.ThymeleafAutoConfiguration, org.springframework.boot.autoconfigure.validation.ValidationAutoConfiguration, org.springframework.boot.autoconfigure.web.servlet.error.ErrorMvcAutoConfiguration, org.springframework.boot.autoconfigure.web.servlet.WebMvcAutoConfiguration, org.springframework.boot.test.autoconfigure.web.servlet.MockMvcAutoConfiguration, org.springframework.boot.test.autoconfigure.web.servlet.MockMvcSecurityAutoConfiguration, org.springframework.boot.test.autoconfigure.web.servlet.MockMvcWebClientAutoConfiguration, org.springframework.boot.test.autoconfigure.web.servlet.MockMvcWebDriverAutoConfiguration]], org.springframework.boot.test.context.filter.ExcludeFilterContextCustomizer@2941c5a7, org.springframework.boot.test.json.DuplicateJsonObjectContextCustomizerFactory$DuplicateJsonObjectContextCustomizer@58b8664f, org.springframework.boot.test.mock.mockito.MockitoContextCustomizer@0], resourceBasePath = 'src/main/webapp', contextLoader = 'org.springframework.boot.test.context.SpringBootContextLoader', parent = [null]], attributes = map[[empty]]], class annotated with @DirtiesContext [false] with mode [null].
00:45:01.100 [Test worker] DEBUG org.springframework.test.annotation.ProfileValueUtils - Retrieved @ProfileValueSourceConfiguration [null] for test class [com.Imadeveloperrr.book.springboot.web.HelloControllerTest]
00:45:01.100 [Test worker] DEBUG org.springframework.test.annotation.ProfileValueUtils - Retrieved ProfileValueSource type [class org.springframework.test.annotation.SystemProfileValueSource] for class [com.Imadeveloperrr.book.springboot.web.HelloControllerTest]
00:45:01.109 [Test worker] DEBUG org.springframework.test.context.support.DependencyInjectionTestExecutionListener - Performing dependency injection for test context [[DefaultTestContext@68096a46 testClass = HelloControllerTest, testInstance = com.Imadeveloperrr.book.springboot.web.HelloControllerTest@6aa5fa39, testMethod = [null], testException = [null], mergedContextConfiguration = [WebMergedContextConfiguration@4cb93ba6 testClass = HelloControllerTest, locations = '{}', classes = '{class com.Imadeveloperrr.book.springboot.Application}', contextInitializerClasses = '[]', activeProfiles = '{}', propertySourceLocations = '{}', propertySourceProperties = '{org.springframework.boot.test.autoconfigure.web.servlet.WebMvcTestContextBootstrapper=true}', contextCustomizers = set[org.springframework.boot.test.autoconfigure.OverrideAutoConfigurationContextCustomizerFactory$DisableAutoConfigurationContextCustomizer@12b5b4d0, org.springframework.boot.test.autoconfigure.filter.TypeExcludeFiltersContextCustomizer@bf4e5a7e, org.springframework.boot.test.autoconfigure.properties.PropertyMappingContextCustomizer@9f0850f2, org.springframework.boot.test.autoconfigure.web.servlet.WebDriverContextCustomizerFactory$Customizer@65aba20, [ImportsContextCustomizer@a8022b8 key = [org.springframework.boot.autoconfigure.cache.CacheAutoConfiguration, org.springframework.boot.autoconfigure.context.MessageSourceAutoConfiguration, org.springframework.boot.autoconfigure.data.web.SpringDataWebAutoConfiguration, org.springframework.boot.autoconfigure.freemarker.FreeMarkerAutoConfiguration, org.springframework.boot.autoconfigure.groovy.template.GroovyTemplateAutoConfiguration, org.springframework.boot.autoconfigure.gson.GsonAutoConfiguration, org.springframework.boot.autoconfigure.hateoas.HypermediaAutoConfiguration, org.springframework.boot.autoconfigure.http.HttpMessageConvertersAutoConfiguration, org.springframework.boot.autoconfigure.jackson.JacksonAutoConfiguration, org.springframework.boot.autoconfigure.jsonb.JsonbAutoConfiguration, org.springframework.boot.autoconfigure.mustache.MustacheAutoConfiguration, org.springframework.boot.autoconfigure.task.TaskExecutionAutoConfiguration, org.springframework.boot.autoconfigure.thymeleaf.ThymeleafAutoConfiguration, org.springframework.boot.autoconfigure.validation.ValidationAutoConfiguration, org.springframework.boot.autoconfigure.web.servlet.error.ErrorMvcAutoConfiguration, org.springframework.boot.autoconfigure.web.servlet.WebMvcAutoConfiguration, org.springframework.boot.test.autoconfigure.web.servlet.MockMvcAutoConfiguration, org.springframework.boot.test.autoconfigure.web.servlet.MockMvcSecurityAutoConfiguration, org.springframework.boot.test.autoconfigure.web.servlet.MockMvcWebClientAutoConfiguration, org.springframework.boot.test.autoconfigure.web.servlet.MockMvcWebDriverAutoConfiguration]], org.springframework.boot.test.context.filter.ExcludeFilterContextCustomizer@2941c5a7, org.springframework.boot.test.json.DuplicateJsonObjectContextCustomizerFactory$DuplicateJsonObjectContextCustomizer@58b8664f, org.springframework.boot.test.mock.mockito.MockitoContextCustomizer@0], resourceBasePath = 'src/main/webapp', contextLoader = 'org.springframework.boot.test.context.SpringBootContextLoader', parent = [null]], attributes = map[[empty]]]].
00:45:01.332 [Test worker] DEBUG org.springframework.test.context.support.TestPropertySourceUtils - Adding inlined properties to environment: {spring.jmx.enabled=false, org.springframework.boot.test.autoconfigure.web.servlet.WebMvcTestContextBootstrapper=true, server.port=-1}

  .   ____          _            __ _ _
 /\\ / ___'_ __ _ _(_)_ __  __ _ \ \ \ \
( ( )\___ | '_ | '_| | '_ \/ _` | \ \ \ \
 \\/  ___)| |_)| | | | | || (_| |  ) ) ) )
  '  |____| .__|_| |_|_| |_\__, | / / / /
 =========|_|==============|___/=/_/_/_/
 :: Spring Boot ::        (v2.1.7.RELEASE)

2022-08-01 00:45:01.832  INFO 6748 --- [    Test worker] c.I.b.s.web.HelloControllerTest          : Starting HelloControllerTest on DESKTOP-58KD2SE with PID 6748 (started by pc in C:\스프링공부\freelec-springboot2-webservice)
2022-08-01 00:45:01.837  INFO 6748 --- [    Test worker] c.I.b.s.web.HelloControllerTest          : No active profile set, falling back to default profiles: default
2022-08-01 00:45:04.518  INFO 6748 --- [    Test worker] o.s.s.concurrent.ThreadPoolTaskExecutor  : Initializing ExecutorService 'applicationTaskExecutor'
2022-08-01 00:45:04.676  INFO 6748 --- [    Test worker] o.s.b.a.w.s.WelcomePageHandlerMapping    : Adding welcome page template: index
2022-08-01 00:45:05.360  INFO 6748 --- [    Test worker] .s.s.UserDetailsServiceAutoConfiguration : 

Using generated security password: 07d1000c-4776-41a5-9c93-5cd7d234325d

2022-08-01 00:45:06.131  INFO 6748 --- [    Test worker] o.s.s.web.DefaultSecurityFilterChain     : Creating filter chain: any request, [org.springframework.security.web.context.request.async.WebAsyncManagerIntegrationFilter@108359d5, org.springframework.security.web.context.SecurityContextPersistenceFilter@359385ae, org.springframework.security.web.header.HeaderWriterFilter@f7baa90, org.springframework.security.web.csrf.CsrfFilter@78dfceb1, org.springframework.security.web.authentication.logout.LogoutFilter@5b1911a7, org.springframework.security.web.authentication.UsernamePasswordAuthenticationFilter@6c095ab9, org.springframework.security.web.authentication.ui.DefaultLoginPageGeneratingFilter@1af548c0, org.springframework.security.web.authentication.ui.DefaultLogoutPageGeneratingFilter@133115fb, org.springframework.security.web.authentication.www.BasicAuthenticationFilter@635546e8, org.springframework.security.web.savedrequest.RequestCacheAwareFilter@8e2273f, org.springframework.security.web.servletapi.SecurityContextHolderAwareRequestFilter@7953e559, org.springframework.security.web.authentication.AnonymousAuthenticationFilter@2e5becf, org.springframework.security.web.session.SessionManagementFilter@6af6ce83, org.springframework.security.web.access.ExceptionTranslationFilter@1a244a23, org.springframework.security.web.access.intercept.FilterSecurityInterceptor@490bc0e4]
2022-08-01 00:45:06.220  INFO 6748 --- [    Test worker] o.s.b.t.m.w.SpringBootMockServletContext : Initializing Spring TestDispatcherServlet ''
2022-08-01 00:45:06.221  INFO 6748 --- [    Test worker] o.s.t.web.servlet.TestDispatcherServlet  : Initializing Servlet ''
2022-08-01 00:45:06.245  INFO 6748 --- [    Test worker] o.s.t.web.servlet.TestDispatcherServlet  : Completed initialization in 24 ms
2022-08-01 00:45:06.330  INFO 6748 --- [    Test worker] c.I.b.s.web.HelloControllerTest          : Started HelloControllerTest in 4.981 seconds (JVM running for 7.36)
]]></system-out>
  <system-err><![CDATA[]]></system-err>
</testsuite>
