<?xml version="1.0" encoding="UTF-8"?>
<testsuite name="com.Imadeveloperrr.book.springboot.web.IndexControllerTest" tests="1" skipped="0" failures="0" errors="0" timestamp="2022-08-09T12:55:30" hostname="DESKTOP-58KD2SE" time="0.262">
  <properties/>
  <testcase name="메인페이지_로딩" classname="com.Imadeveloperrr.book.springboot.web.IndexControllerTest" time="0.262"/>
  <system-out><![CDATA[2022-08-09 21:55:26.630  INFO 23324 --- [    Test worker] .b.t.c.SpringBootTestContextBootstrapper : Neither @ContextConfiguration nor @ContextHierarchy found for test class [com.Imadeveloperrr.book.springboot.web.IndexControllerTest], using SpringBootContextLoader
2022-08-09 21:55:26.632  INFO 23324 --- [    Test worker] o.s.t.c.support.AbstractContextLoader    : Could not detect default resource locations for test class [com.Imadeveloperrr.book.springboot.web.IndexControllerTest]: no resource found for suffixes {-context.xml, Context.groovy}.
2022-08-09 21:55:26.632  INFO 23324 --- [    Test worker] t.c.s.AnnotationConfigContextLoaderUtils : Could not detect default configuration classes for test class [com.Imadeveloperrr.book.springboot.web.IndexControllerTest]: IndexControllerTest does not declare any static, non-private, non-final, nested classes annotated with @Configuration.
2022-08-09 21:55:26.634  INFO 23324 --- [    Test worker] .b.t.c.SpringBootTestContextBootstrapper : Found @SpringBootConfiguration com.Imadeveloperrr.book.springboot.Application for test class com.Imadeveloperrr.book.springboot.web.IndexControllerTest
2022-08-09 21:55:26.636  INFO 23324 --- [    Test worker] .b.t.c.SpringBootTestContextBootstrapper : Loaded default TestExecutionListener class names from location [META-INF/spring.factories]: [org.springframework.security.test.context.support.WithSecurityContextTestExecutionListener, org.springframework.security.test.context.support.ReactorContextTestExecutionListener, org.springframework.boot.test.autoconfigure.restdocs.RestDocsTestExecutionListener, org.springframework.boot.test.autoconfigure.web.client.MockRestServiceServerResetTestExecutionListener, org.springframework.boot.test.autoconfigure.web.servlet.MockMvcPrintOnlyOnFailureTestExecutionListener, org.springframework.boot.test.autoconfigure.web.servlet.WebDriverTestExecutionListener, org.springframework.boot.test.mock.mockito.MockitoTestExecutionListener, org.springframework.boot.test.mock.mockito.ResetMocksTestExecutionListener, org.springframework.test.context.web.ServletTestExecutionListener, org.springframework.test.context.support.DirtiesContextBeforeModesTestExecutionListener, org.springframework.test.context.support.DependencyInjectionTestExecutionListener, org.springframework.test.context.support.DirtiesContextTestExecutionListener, org.springframework.test.context.transaction.TransactionalTestExecutionListener, org.springframework.test.context.jdbc.SqlScriptsTestExecutionListener]
2022-08-09 21:55:26.638  INFO 23324 --- [    Test worker] .b.t.c.SpringBootTestContextBootstrapper : Using TestExecutionListeners: [org.springframework.test.context.web.ServletTestExecutionListener@7796ed96, org.springframework.test.context.support.DirtiesContextBeforeModesTestExecutionListener@17bc4a26, org.springframework.boot.test.mock.mockito.MockitoTestExecutionListener@7451b90, org.springframework.boot.test.autoconfigure.SpringBootDependencyInjectionTestExecutionListener@73e7b5bf, org.springframework.test.context.support.DirtiesContextTestExecutionListener@335d1c08, org.springframework.test.context.transaction.TransactionalTestExecutionListener@46c58d3f, org.springframework.test.context.jdbc.SqlScriptsTestExecutionListener@69f387ec, org.springframework.security.test.context.support.WithSecurityContextTestExecutionListener@27f79d20, org.springframework.security.test.context.support.ReactorContextTestExecutionListener@7c91688a, org.springframework.boot.test.autoconfigure.restdocs.RestDocsTestExecutionListener@1657be52, org.springframework.boot.test.autoconfigure.web.client.MockRestServiceServerResetTestExecutionListener@63ee9793, org.springframework.boot.test.autoconfigure.web.servlet.MockMvcPrintOnlyOnFailureTestExecutionListener@78eb1853, org.springframework.boot.test.autoconfigure.web.servlet.WebDriverTestExecutionListener@fc9fafc, org.springframework.boot.test.mock.mockito.ResetMocksTestExecutionListener@24c76079]

  .   ____          _            __ _ _
 /\\ / ___'_ __ _ _(_)_ __  __ _ \ \ \ \
( ( )\___ | '_ | '_| | '_ \/ _` | \ \ \ \
 \\/  ___)| |_)| | | | | || (_| |  ) ) ) )
  '  |____| .__|_| |_|_| |_\__, | / / / /
 =========|_|==============|___/=/_/_/_/
 :: Spring Boot ::        (v2.1.7.RELEASE)

2022-08-09 21:55:26.701  INFO 23324 --- [    Test worker] c.I.b.s.web.IndexControllerTest          : Starting IndexControllerTest on DESKTOP-58KD2SE with PID 23324 (started by pc in C:\스프링공부\freelec-springboot2-webservice)
2022-08-09 21:55:26.702  INFO 23324 --- [    Test worker] c.I.b.s.web.IndexControllerTest          : No active profile set, falling back to default profiles: default
2022-08-09 21:55:27.074  INFO 23324 --- [    Test worker] .s.d.r.c.RepositoryConfigurationDelegate : Bootstrapping Spring Data repositories in DEFAULT mode.
2022-08-09 21:55:27.123  INFO 23324 --- [    Test worker] .s.d.r.c.RepositoryConfigurationDelegate : Finished Spring Data repository scanning in 49ms. Found 2 repository interfaces.
2022-08-09 21:55:27.297  INFO 23324 --- [    Test worker] trationDelegate$BeanPostProcessorChecker : Bean 'org.springframework.transaction.annotation.ProxyTransactionManagementConfiguration' of type [org.springframework.transaction.annotation.ProxyTransactionManagementConfiguration$$EnhancerBySpringCGLIB$$b32382bb] is not eligible for getting processed by all BeanPostProcessors (for example: not eligible for auto-proxying)
2022-08-09 21:55:27.769  INFO 23324 --- [    Test worker] o.s.b.w.embedded.tomcat.TomcatWebServer  : Tomcat initialized with port(s): 0 (http)
2022-08-09 21:55:27.829  INFO 23324 --- [    Test worker] o.apache.catalina.core.StandardService   : Starting service [Tomcat]
2022-08-09 21:55:27.830  INFO 23324 --- [    Test worker] org.apache.catalina.core.StandardEngine  : Starting Servlet engine: [Apache Tomcat/9.0.22]
2022-08-09 21:55:28.148  INFO 23324 --- [    Test worker] o.a.c.c.C.[Tomcat].[localhost].[/]       : Initializing Spring embedded WebApplicationContext
2022-08-09 21:55:28.148  INFO 23324 --- [    Test worker] o.s.web.context.ContextLoader            : Root WebApplicationContext: initialization completed in 1442 ms
2022-08-09 21:55:28.423  INFO 23324 --- [    Test worker] com.zaxxer.hikari.HikariDataSource       : HikariPool-2 - Starting...
2022-08-09 21:55:28.424  INFO 23324 --- [    Test worker] com.zaxxer.hikari.HikariDataSource       : HikariPool-2 - Start completed.
2022-08-09 21:55:28.497  INFO 23324 --- [    Test worker] o.hibernate.jpa.internal.util.LogHelper  : HHH000204: Processing PersistenceUnitInfo [
	name: default
	...]
2022-08-09 21:55:28.522  INFO 23324 --- [    Test worker] org.hibernate.dialect.Dialect            : HHH000400: Using dialect: org.hibernate.dialect.MySQL8Dialect
Hibernate: drop table if exists posts
Hibernate: drop table if exists user
Hibernate: create table posts (id bigint not null auto_increment, created_date datetime(6), modified_date datetime(6), author varchar(255), content TEXT not null, title varchar(500) not null, primary key (id)) engine=InnoDB
Hibernate: create table user (id bigint not null auto_increment, created_date datetime(6), modified_date datetime(6), email varchar(255) not null, name varchar(255) not null, picture varchar(255), role varchar(255) not null, primary key (id)) engine=InnoDB
2022-08-09 21:55:28.637  INFO 23324 --- [    Test worker] o.h.t.schema.internal.SchemaCreatorImpl  : HHH000476: Executing import script 'org.hibernate.tool.schema.internal.exec.ScriptSourceInputNonExistentImpl@14e1dffe'
2022-08-09 21:55:28.638  INFO 23324 --- [    Test worker] j.LocalContainerEntityManagerFactoryBean : Initialized JPA EntityManagerFactory for persistence unit 'default'
2022-08-09 21:55:29.123  INFO 23324 --- [    Test worker] o.h.h.i.QueryTranslatorFactoryInitiator  : HHH000397: Using ASTQueryTranslatorFactory
2022-08-09 21:55:29.399  INFO 23324 --- [    Test worker] o.s.s.web.DefaultSecurityFilterChain     : Creating filter chain: any request, [org.springframework.security.web.context.request.async.WebAsyncManagerIntegrationFilter@7b93ea94, org.springframework.security.web.context.SecurityContextPersistenceFilter@40cbbf96, org.springframework.security.web.header.HeaderWriterFilter@2dd7b231, org.springframework.security.web.authentication.logout.LogoutFilter@5a9beedb, org.springframework.security.oauth2.client.web.OAuth2AuthorizationRequestRedirectFilter@1e5e1073, org.springframework.security.oauth2.client.web.OAuth2LoginAuthenticationFilter@78e65659, org.springframework.security.web.authentication.ui.DefaultLoginPageGeneratingFilter@4731cea4, org.springframework.security.web.authentication.ui.DefaultLogoutPageGeneratingFilter@509bd932, org.springframework.security.web.savedrequest.RequestCacheAwareFilter@30ee000a, org.springframework.security.web.servletapi.SecurityContextHolderAwareRequestFilter@20387a1c, org.springframework.security.web.authentication.AnonymousAuthenticationFilter@3e2896da, org.springframework.security.web.session.SessionManagementFilter@d5d4671, org.springframework.security.web.access.ExceptionTranslationFilter@6682caf7, org.springframework.security.web.access.intercept.FilterSecurityInterceptor@459dd7db]
2022-08-09 21:55:29.617  INFO 23324 --- [    Test worker] o.s.s.concurrent.ThreadPoolTaskExecutor  : Initializing ExecutorService 'applicationTaskExecutor'
2022-08-09 21:55:29.633  WARN 23324 --- [    Test worker] aWebConfiguration$JpaWebMvcConfiguration : spring.jpa.open-in-view is enabled by default. Therefore, database queries may be performed during view rendering. Explicitly configure spring.jpa.open-in-view to disable this warning
2022-08-09 21:55:29.665  INFO 23324 --- [    Test worker] o.s.b.a.w.s.WelcomePageHandlerMapping    : Adding welcome page template: index
2022-08-09 21:55:30.014  INFO 23324 --- [    Test worker] s.a.ScheduledAnnotationBeanPostProcessor : No TaskScheduler/ScheduledExecutorService bean found for scheduled processing
2022-08-09 21:55:30.041  INFO 23324 --- [    Test worker] o.s.b.w.embedded.tomcat.TomcatWebServer  : Tomcat started on port(s): 65534 (http) with context path ''
2022-08-09 21:55:30.042  INFO 23324 --- [    Test worker] c.I.b.s.web.IndexControllerTest          : Started IndexControllerTest in 3.401 seconds (JVM running for 17.698)
2022-08-09 21:55:30.195  INFO 23324 --- [o-auto-1-exec-1] o.a.c.c.C.[Tomcat].[localhost].[/]       : Initializing Spring DispatcherServlet 'dispatcherServlet'
2022-08-09 21:55:30.196  INFO 23324 --- [o-auto-1-exec-1] o.s.web.servlet.DispatcherServlet        : Initializing Servlet 'dispatcherServlet'
2022-08-09 21:55:30.218  INFO 23324 --- [o-auto-1-exec-1] o.s.web.servlet.DispatcherServlet        : Completed initialization in 22 ms
Hibernate: select posts0_.id as id1_0_, posts0_.created_date as created_2_0_, posts0_.modified_date as modified3_0_, posts0_.author as author4_0_, posts0_.content as content5_0_, posts0_.title as title6_0_ from posts posts0_ order by posts0_.id DESC
]]></system-out>
  <system-err><![CDATA[]]></system-err>
</testsuite>
