<?xml version="1.0" encoding="UTF-8"?>
<testsuite name="com.Imadeveloperrr.book.springboot.web.HelloControllerTest" tests="2" skipped="0" failures="0" errors="0" timestamp="2022-08-11T06:47:02" hostname="DESKTOP-58KD2SE" time="0.207">
  <properties/>
  <testcase name="hellodto가_리턴된다" classname="com.Imadeveloperrr.book.springboot.web.HelloControllerTest" time="0.199"/>
  <testcase name="hello가_리턴된다" classname="com.Imadeveloperrr.book.springboot.web.HelloControllerTest" time="0.008"/>
  <system-out><![CDATA[2022-08-11 15:47:00.557  INFO 4344 --- [    Test worker] .b.t.a.w.s.WebMvcTestContextBootstrapper : Neither @ContextConfiguration nor @ContextHierarchy found for test class [com.Imadeveloperrr.book.springboot.web.HelloControllerTest], using SpringBootContextLoader
2022-08-11 15:47:00.559  INFO 4344 --- [    Test worker] o.s.t.c.support.AbstractContextLoader    : Could not detect default resource locations for test class [com.Imadeveloperrr.book.springboot.web.HelloControllerTest]: no resource found for suffixes {-context.xml, Context.groovy}.
2022-08-11 15:47:00.560  INFO 4344 --- [    Test worker] t.c.s.AnnotationConfigContextLoaderUtils : Could not detect default configuration classes for test class [com.Imadeveloperrr.book.springboot.web.HelloControllerTest]: HelloControllerTest does not declare any static, non-private, non-final, nested classes annotated with @Configuration.
2022-08-11 15:47:00.589  INFO 4344 --- [    Test worker] .b.t.c.SpringBootTestContextBootstrapper : Found @SpringBootConfiguration com.Imadeveloperrr.book.springboot.Application for test class com.Imadeveloperrr.book.springboot.web.HelloControllerTest
2022-08-11 15:47:00.589  INFO 4344 --- [    Test worker] .b.t.a.w.s.WebMvcTestContextBootstrapper : Loaded default TestExecutionListener class names from location [META-INF/spring.factories]: [org.springframework.security.test.context.support.WithSecurityContextTestExecutionListener, org.springframework.security.test.context.support.ReactorContextTestExecutionListener, org.springframework.boot.test.autoconfigure.restdocs.RestDocsTestExecutionListener, org.springframework.boot.test.autoconfigure.web.client.MockRestServiceServerResetTestExecutionListener, org.springframework.boot.test.autoconfigure.web.servlet.MockMvcPrintOnlyOnFailureTestExecutionListener, org.springframework.boot.test.autoconfigure.web.servlet.WebDriverTestExecutionListener, org.springframework.boot.test.mock.mockito.MockitoTestExecutionListener, org.springframework.boot.test.mock.mockito.ResetMocksTestExecutionListener, org.springframework.test.context.web.ServletTestExecutionListener, org.springframework.test.context.support.DirtiesContextBeforeModesTestExecutionListener, org.springframework.test.context.support.DependencyInjectionTestExecutionListener, org.springframework.test.context.support.DirtiesContextTestExecutionListener, org.springframework.test.context.transaction.TransactionalTestExecutionListener, org.springframework.test.context.jdbc.SqlScriptsTestExecutionListener]
2022-08-11 15:47:00.591  INFO 4344 --- [    Test worker] .b.t.a.w.s.WebMvcTestContextBootstrapper : Using TestExecutionListeners: [org.springframework.test.context.web.ServletTestExecutionListener@348ad193, org.springframework.test.context.support.DirtiesContextBeforeModesTestExecutionListener@2cb44c13, org.springframework.boot.test.mock.mockito.MockitoTestExecutionListener@3995314a, org.springframework.boot.test.autoconfigure.SpringBootDependencyInjectionTestExecutionListener@407f6a22, org.springframework.test.context.support.DirtiesContextTestExecutionListener@229b2df7, org.springframework.test.context.transaction.TransactionalTestExecutionListener@2c413963, org.springframework.test.context.jdbc.SqlScriptsTestExecutionListener@3c4e52c0, org.springframework.security.test.context.support.WithSecurityContextTestExecutionListener@7db1111, org.springframework.security.test.context.support.ReactorContextTestExecutionListener@7c547088, org.springframework.boot.test.autoconfigure.restdocs.RestDocsTestExecutionListener@597bd440, org.springframework.boot.test.autoconfigure.web.client.MockRestServiceServerResetTestExecutionListener@176d45fd, org.springframework.boot.test.autoconfigure.web.servlet.MockMvcPrintOnlyOnFailureTestExecutionListener@48e18d98, org.springframework.boot.test.autoconfigure.web.servlet.WebDriverTestExecutionListener@17ee743c, org.springframework.boot.test.mock.mockito.ResetMocksTestExecutionListener@10307b55]

  .   ____          _            __ _ _
 /\\ / ___'_ __ _ _(_)_ __  __ _ \ \ \ \
( ( )\___ | '_ | '_| | '_ \/ _` | \ \ \ \
 \\/  ___)| |_)| | | | | || (_| |  ) ) ) )
  '  |____| .__|_| |_|_| |_\__, | / / / /
 =========|_|==============|___/=/_/_/_/
 :: Spring Boot ::        (v2.1.7.RELEASE)

2022-08-11 15:47:00.639  INFO 4344 --- [    Test worker] c.I.b.s.web.HelloControllerTest          : Starting HelloControllerTest on DESKTOP-58KD2SE with PID 4344 (started by pc in C:\스프링공부\freelec-springboot2-webservice)
2022-08-11 15:47:00.641  INFO 4344 --- [    Test worker] c.I.b.s.web.HelloControllerTest          : No active profile set, falling back to default profiles: default
2022-08-11 15:47:01.544  INFO 4344 --- [    Test worker] o.s.s.concurrent.ThreadPoolTaskExecutor  : Initializing ExecutorService 'applicationTaskExecutor'
2022-08-11 15:47:01.614  INFO 4344 --- [    Test worker] o.s.b.a.w.s.WelcomePageHandlerMapping    : Adding welcome page template: index
2022-08-11 15:47:01.962  INFO 4344 --- [    Test worker] .s.s.UserDetailsServiceAutoConfiguration : 

Using generated security password: 1fe7194a-f5dc-46ca-b33d-c8f9926fae76

2022-08-11 15:47:02.172  INFO 4344 --- [    Test worker] o.s.s.web.DefaultSecurityFilterChain     : Creating filter chain: any request, [org.springframework.security.web.context.request.async.WebAsyncManagerIntegrationFilter@2141b961, org.springframework.security.web.context.SecurityContextPersistenceFilter@7901e54d, org.springframework.security.web.header.HeaderWriterFilter@1798e5cd, org.springframework.security.web.csrf.CsrfFilter@3a9ccf45, org.springframework.security.web.authentication.logout.LogoutFilter@4b28936a, org.springframework.security.web.authentication.UsernamePasswordAuthenticationFilter@19a3dee3, org.springframework.security.web.authentication.ui.DefaultLoginPageGeneratingFilter@703b8f13, org.springframework.security.web.authentication.ui.DefaultLogoutPageGeneratingFilter@647ea0bf, org.springframework.security.web.authentication.www.BasicAuthenticationFilter@54fc9de9, org.springframework.security.web.savedrequest.RequestCacheAwareFilter@7c97bec5, org.springframework.security.web.servletapi.SecurityContextHolderAwareRequestFilter@2c718a17, org.springframework.security.web.authentication.AnonymousAuthenticationFilter@54dd6a0c, org.springframework.security.web.session.SessionManagementFilter@4ba2f69c, org.springframework.security.web.access.ExceptionTranslationFilter@606cafff, org.springframework.security.web.access.intercept.FilterSecurityInterceptor@5b0c9dfb]
2022-08-11 15:47:02.231  INFO 4344 --- [    Test worker] o.s.b.t.m.w.SpringBootMockServletContext : Initializing Spring TestDispatcherServlet ''
2022-08-11 15:47:02.231  INFO 4344 --- [    Test worker] o.s.t.web.servlet.TestDispatcherServlet  : Initializing Servlet ''
2022-08-11 15:47:02.253  INFO 4344 --- [    Test worker] o.s.t.web.servlet.TestDispatcherServlet  : Completed initialization in 21 ms
2022-08-11 15:47:02.295  INFO 4344 --- [    Test worker] c.I.b.s.web.HelloControllerTest          : Started HelloControllerTest in 1.7 seconds (JVM running for 13.814)
]]></system-out>
  <system-err><![CDATA[]]></system-err>
</testsuite>
