<?xml version="1.0" encoding="UTF-8"?>
<testsuite name="com.Imadeveloperrr.book.springboot.web.HelloControllerTest" tests="2" skipped="0" failures="0" errors="0" timestamp="2022-08-10T17:54:07" hostname="DESKTOP-58KD2SE" time="0.21">
  <properties/>
  <testcase name="hellodto가_리턴된다" classname="com.Imadeveloperrr.book.springboot.web.HelloControllerTest" time="0.2"/>
  <testcase name="hello가_리턴된다" classname="com.Imadeveloperrr.book.springboot.web.HelloControllerTest" time="0.01"/>
  <system-out><![CDATA[2022-08-11 02:54:05.317  INFO 13736 --- [    Test worker] .b.t.a.w.s.WebMvcTestContextBootstrapper : Neither @ContextConfiguration nor @ContextHierarchy found for test class [com.Imadeveloperrr.book.springboot.web.HelloControllerTest], using SpringBootContextLoader
2022-08-11 02:54:05.318  INFO 13736 --- [    Test worker] o.s.t.c.support.AbstractContextLoader    : Could not detect default resource locations for test class [com.Imadeveloperrr.book.springboot.web.HelloControllerTest]: no resource found for suffixes {-context.xml, Context.groovy}.
2022-08-11 02:54:05.318  INFO 13736 --- [    Test worker] t.c.s.AnnotationConfigContextLoaderUtils : Could not detect default configuration classes for test class [com.Imadeveloperrr.book.springboot.web.HelloControllerTest]: HelloControllerTest does not declare any static, non-private, non-final, nested classes annotated with @Configuration.
2022-08-11 02:54:05.372  INFO 13736 --- [    Test worker] .b.t.c.SpringBootTestContextBootstrapper : Found @SpringBootConfiguration com.Imadeveloperrr.book.springboot.Application for test class com.Imadeveloperrr.book.springboot.web.HelloControllerTest
2022-08-11 02:54:05.373  INFO 13736 --- [    Test worker] .b.t.a.w.s.WebMvcTestContextBootstrapper : Loaded default TestExecutionListener class names from location [META-INF/spring.factories]: [org.springframework.security.test.context.support.WithSecurityContextTestExecutionListener, org.springframework.security.test.context.support.ReactorContextTestExecutionListener, org.springframework.boot.test.autoconfigure.restdocs.RestDocsTestExecutionListener, org.springframework.boot.test.autoconfigure.web.client.MockRestServiceServerResetTestExecutionListener, org.springframework.boot.test.autoconfigure.web.servlet.MockMvcPrintOnlyOnFailureTestExecutionListener, org.springframework.boot.test.autoconfigure.web.servlet.WebDriverTestExecutionListener, org.springframework.boot.test.mock.mockito.MockitoTestExecutionListener, org.springframework.boot.test.mock.mockito.ResetMocksTestExecutionListener, org.springframework.test.context.web.ServletTestExecutionListener, org.springframework.test.context.support.DirtiesContextBeforeModesTestExecutionListener, org.springframework.test.context.support.DependencyInjectionTestExecutionListener, org.springframework.test.context.support.DirtiesContextTestExecutionListener, org.springframework.test.context.transaction.TransactionalTestExecutionListener, org.springframework.test.context.jdbc.SqlScriptsTestExecutionListener]
2022-08-11 02:54:05.376  INFO 13736 --- [    Test worker] .b.t.a.w.s.WebMvcTestContextBootstrapper : Using TestExecutionListeners: [org.springframework.test.context.web.ServletTestExecutionListener@1f0a7d90, org.springframework.test.context.support.DirtiesContextBeforeModesTestExecutionListener@73a5e930, org.springframework.boot.test.mock.mockito.MockitoTestExecutionListener@5febc1d, org.springframework.boot.test.autoconfigure.SpringBootDependencyInjectionTestExecutionListener@25a07a9a, org.springframework.test.context.support.DirtiesContextTestExecutionListener@690a7543, org.springframework.test.context.transaction.TransactionalTestExecutionListener@353aed3b, org.springframework.test.context.jdbc.SqlScriptsTestExecutionListener@4554a1d5, org.springframework.security.test.context.support.WithSecurityContextTestExecutionListener@6386774f, org.springframework.security.test.context.support.ReactorContextTestExecutionListener@599ca611, org.springframework.boot.test.autoconfigure.restdocs.RestDocsTestExecutionListener@3b2dcb2c, org.springframework.boot.test.autoconfigure.web.client.MockRestServiceServerResetTestExecutionListener@5b978f95, org.springframework.boot.test.autoconfigure.web.servlet.MockMvcPrintOnlyOnFailureTestExecutionListener@b7bb7a7, org.springframework.boot.test.autoconfigure.web.servlet.WebDriverTestExecutionListener@376b24f7, org.springframework.boot.test.mock.mockito.ResetMocksTestExecutionListener@62cafd9d]

  .   ____          _            __ _ _
 /\\ / ___'_ __ _ _(_)_ __  __ _ \ \ \ \
( ( )\___ | '_ | '_| | '_ \/ _` | \ \ \ \
 \\/  ___)| |_)| | | | | || (_| |  ) ) ) )
  '  |____| .__|_| |_|_| |_\__, | / / / /
 =========|_|==============|___/=/_/_/_/
 :: Spring Boot ::        (v2.1.7.RELEASE)

2022-08-11 02:54:05.500  INFO 13736 --- [    Test worker] c.I.b.s.web.HelloControllerTest          : Starting HelloControllerTest on DESKTOP-58KD2SE with PID 13736 (started by pc in C:\스프링공부\freelec-springboot2-webservice)
2022-08-11 02:54:05.501  INFO 13736 --- [    Test worker] c.I.b.s.web.HelloControllerTest          : No active profile set, falling back to default profiles: default
2022-08-11 02:54:06.416  INFO 13736 --- [    Test worker] o.s.s.concurrent.ThreadPoolTaskExecutor  : Initializing ExecutorService 'applicationTaskExecutor'
2022-08-11 02:54:06.484  INFO 13736 --- [    Test worker] o.s.b.a.w.s.WelcomePageHandlerMapping    : Adding welcome page template: index
2022-08-11 02:54:06.823  INFO 13736 --- [    Test worker] .s.s.UserDetailsServiceAutoConfiguration : 

Using generated security password: 1202f80c-f8ae-46f4-895d-015ac16c44b3

2022-08-11 02:54:07.013  INFO 13736 --- [    Test worker] o.s.s.web.DefaultSecurityFilterChain     : Creating filter chain: any request, [org.springframework.security.web.context.request.async.WebAsyncManagerIntegrationFilter@11dcc0fe, org.springframework.security.web.context.SecurityContextPersistenceFilter@4aa761fb, org.springframework.security.web.header.HeaderWriterFilter@143ace07, org.springframework.security.web.csrf.CsrfFilter@4b06f1f0, org.springframework.security.web.authentication.logout.LogoutFilter@444e9427, org.springframework.security.web.authentication.UsernamePasswordAuthenticationFilter@31cfe2ee, org.springframework.security.web.authentication.ui.DefaultLoginPageGeneratingFilter@5bd643c4, org.springframework.security.web.authentication.ui.DefaultLogoutPageGeneratingFilter@2e9f5857, org.springframework.security.web.authentication.www.BasicAuthenticationFilter@7b085259, org.springframework.security.web.savedrequest.RequestCacheAwareFilter@8a0b459, org.springframework.security.web.servletapi.SecurityContextHolderAwareRequestFilter@4aa809bc, org.springframework.security.web.authentication.AnonymousAuthenticationFilter@17bc5d47, org.springframework.security.web.session.SessionManagementFilter@684f2401, org.springframework.security.web.access.ExceptionTranslationFilter@154af1ff, org.springframework.security.web.access.intercept.FilterSecurityInterceptor@565934f3]
2022-08-11 02:54:07.061  INFO 13736 --- [    Test worker] o.s.b.t.m.w.SpringBootMockServletContext : Initializing Spring TestDispatcherServlet ''
2022-08-11 02:54:07.061  INFO 13736 --- [    Test worker] o.s.t.web.servlet.TestDispatcherServlet  : Initializing Servlet ''
2022-08-11 02:54:07.078  INFO 13736 --- [    Test worker] o.s.t.web.servlet.TestDispatcherServlet  : Completed initialization in 16 ms
2022-08-11 02:54:07.111  INFO 13736 --- [    Test worker] c.I.b.s.web.HelloControllerTest          : Started HelloControllerTest in 1.73 seconds (JVM running for 17.822)
]]></system-out>
  <system-err><![CDATA[]]></system-err>
</testsuite>
