<?xml version="1.0" encoding="UTF-8"?>
<testsuite name="com.Imadeveloperrr.book.springboot.web.IndexControllerTest" tests="1" skipped="0" failures="0" errors="0" timestamp="2022-08-10T17:49:20" hostname="DESKTOP-58KD2SE" time="0.518">
  <properties/>
  <testcase name="메인페이지_로딩" classname="com.Imadeveloperrr.book.springboot.web.IndexControllerTest" time="0.518"/>
  <system-out><![CDATA[2022-08-11 02:49:16.681  INFO 26952 --- [    Test worker] .b.t.c.SpringBootTestContextBootstrapper : Neither @ContextConfiguration nor @ContextHierarchy found for test class [com.Imadeveloperrr.book.springboot.web.IndexControllerTest], using SpringBootContextLoader
2022-08-11 02:49:16.682  INFO 26952 --- [    Test worker] o.s.t.c.support.AbstractContextLoader    : Could not detect default resource locations for test class [com.Imadeveloperrr.book.springboot.web.IndexControllerTest]: no resource found for suffixes {-context.xml, Context.groovy}.
2022-08-11 02:49:16.682  INFO 26952 --- [    Test worker] t.c.s.AnnotationConfigContextLoaderUtils : Could not detect default configuration classes for test class [com.Imadeveloperrr.book.springboot.web.IndexControllerTest]: IndexControllerTest does not declare any static, non-private, non-final, nested classes annotated with @Configuration.
2022-08-11 02:49:16.685  INFO 26952 --- [    Test worker] .b.t.c.SpringBootTestContextBootstrapper : Found @SpringBootConfiguration com.Imadeveloperrr.book.springboot.Application for test class com.Imadeveloperrr.book.springboot.web.IndexControllerTest
2022-08-11 02:49:16.687  INFO 26952 --- [    Test worker] .b.t.c.SpringBootTestContextBootstrapper : Loaded default TestExecutionListener class names from location [META-INF/spring.factories]: [org.springframework.security.test.context.support.WithSecurityContextTestExecutionListener, org.springframework.security.test.context.support.ReactorContextTestExecutionListener, org.springframework.boot.test.autoconfigure.restdocs.RestDocsTestExecutionListener, org.springframework.boot.test.autoconfigure.web.client.MockRestServiceServerResetTestExecutionListener, org.springframework.boot.test.autoconfigure.web.servlet.MockMvcPrintOnlyOnFailureTestExecutionListener, org.springframework.boot.test.autoconfigure.web.servlet.WebDriverTestExecutionListener, org.springframework.boot.test.mock.mockito.MockitoTestExecutionListener, org.springframework.boot.test.mock.mockito.ResetMocksTestExecutionListener, org.springframework.test.context.web.ServletTestExecutionListener, org.springframework.test.context.support.DirtiesContextBeforeModesTestExecutionListener, org.springframework.test.context.support.DependencyInjectionTestExecutionListener, org.springframework.test.context.support.DirtiesContextTestExecutionListener, org.springframework.test.context.transaction.TransactionalTestExecutionListener, org.springframework.test.context.jdbc.SqlScriptsTestExecutionListener]
2022-08-11 02:49:16.689  INFO 26952 --- [    Test worker] .b.t.c.SpringBootTestContextBootstrapper : Using TestExecutionListeners: [org.springframework.test.context.web.ServletTestExecutionListener@3fb84555, org.springframework.test.context.support.DirtiesContextBeforeModesTestExecutionListener@222f54cc, org.springframework.boot.test.mock.mockito.MockitoTestExecutionListener@4976f79d, org.springframework.boot.test.autoconfigure.SpringBootDependencyInjectionTestExecutionListener@26a9a781, org.springframework.test.context.support.DirtiesContextTestExecutionListener@5bc6ccec, org.springframework.test.context.transaction.TransactionalTestExecutionListener@3177a6c, org.springframework.test.context.jdbc.SqlScriptsTestExecutionListener@7da3af8c, org.springframework.security.test.context.support.WithSecurityContextTestExecutionListener@16dd9a16, org.springframework.security.test.context.support.ReactorContextTestExecutionListener@7b11858d, org.springframework.boot.test.autoconfigure.restdocs.RestDocsTestExecutionListener@436d4499, org.springframework.boot.test.autoconfigure.web.client.MockRestServiceServerResetTestExecutionListener@23d25cb7, org.springframework.boot.test.autoconfigure.web.servlet.MockMvcPrintOnlyOnFailureTestExecutionListener@59a57ff1, org.springframework.boot.test.autoconfigure.web.servlet.WebDriverTestExecutionListener@2eefa4a5, org.springframework.boot.test.mock.mockito.ResetMocksTestExecutionListener@78f646d]

  .   ____          _            __ _ _
 /\\ / ___'_ __ _ _(_)_ __  __ _ \ \ \ \
( ( )\___ | '_ | '_| | '_ \/ _` | \ \ \ \
 \\/  ___)| |_)| | | | | || (_| |  ) ) ) )
  '  |____| .__|_| |_|_| |_\__, | / / / /
 =========|_|==============|___/=/_/_/_/
 :: Spring Boot ::        (v2.1.7.RELEASE)

2022-08-11 02:49:16.743  INFO 26952 --- [    Test worker] c.I.b.s.web.IndexControllerTest          : Starting IndexControllerTest on DESKTOP-58KD2SE with PID 26952 (started by pc in C:\스프링공부\freelec-springboot2-webservice)
2022-08-11 02:49:16.744  INFO 26952 --- [    Test worker] c.I.b.s.web.IndexControllerTest          : No active profile set, falling back to default profiles: default
2022-08-11 02:49:17.147  INFO 26952 --- [    Test worker] .s.d.r.c.RepositoryConfigurationDelegate : Bootstrapping Spring Data repositories in DEFAULT mode.
2022-08-11 02:49:17.212  INFO 26952 --- [    Test worker] .s.d.r.c.RepositoryConfigurationDelegate : Finished Spring Data repository scanning in 64ms. Found 2 repository interfaces.
2022-08-11 02:49:17.407  INFO 26952 --- [    Test worker] trationDelegate$BeanPostProcessorChecker : Bean 'org.springframework.transaction.annotation.ProxyTransactionManagementConfiguration' of type [org.springframework.transaction.annotation.ProxyTransactionManagementConfiguration$$EnhancerBySpringCGLIB$$cdc48e04] is not eligible for getting processed by all BeanPostProcessors (for example: not eligible for auto-proxying)
2022-08-11 02:49:17.928  INFO 26952 --- [    Test worker] o.s.b.w.embedded.tomcat.TomcatWebServer  : Tomcat initialized with port(s): 0 (http)
2022-08-11 02:49:18.011  INFO 26952 --- [    Test worker] o.apache.catalina.core.StandardService   : Starting service [Tomcat]
2022-08-11 02:49:18.012  INFO 26952 --- [    Test worker] org.apache.catalina.core.StandardEngine  : Starting Servlet engine: [Apache Tomcat/9.0.22]
2022-08-11 02:49:18.400  INFO 26952 --- [    Test worker] o.a.c.c.C.[Tomcat].[localhost].[/]       : Initializing Spring embedded WebApplicationContext
2022-08-11 02:49:18.401  INFO 26952 --- [    Test worker] o.s.web.context.ContextLoader            : Root WebApplicationContext: initialization completed in 1653 ms
2022-08-11 02:49:18.721  INFO 26952 --- [    Test worker] com.zaxxer.hikari.HikariDataSource       : HikariPool-2 - Starting...
2022-08-11 02:49:18.723  INFO 26952 --- [    Test worker] com.zaxxer.hikari.HikariDataSource       : HikariPool-2 - Start completed.
2022-08-11 02:49:18.802  INFO 26952 --- [    Test worker] o.hibernate.jpa.internal.util.LogHelper  : HHH000204: Processing PersistenceUnitInfo [
	name: default
	...]
2022-08-11 02:49:18.823  INFO 26952 --- [    Test worker] org.hibernate.dialect.Dialect            : HHH000400: Using dialect: org.hibernate.dialect.MySQL8Dialect
Hibernate: drop table if exists posts
Hibernate: drop table if exists user
Hibernate: create table posts (id bigint not null auto_increment, created_date datetime(6), modified_date datetime(6), author varchar(255), content TEXT not null, title varchar(500) not null, primary key (id)) engine=InnoDB
Hibernate: create table user (id bigint not null auto_increment, created_date datetime(6), modified_date datetime(6), email varchar(255) not null, name varchar(255) not null, picture varchar(255), role varchar(255) not null, primary key (id)) engine=InnoDB
2022-08-11 02:49:18.939  INFO 26952 --- [    Test worker] o.h.t.schema.internal.SchemaCreatorImpl  : HHH000476: Executing import script 'org.hibernate.tool.schema.internal.exec.ScriptSourceInputNonExistentImpl@7b222762'
2022-08-11 02:49:18.940  INFO 26952 --- [    Test worker] j.LocalContainerEntityManagerFactoryBean : Initialized JPA EntityManagerFactory for persistence unit 'default'
2022-08-11 02:49:19.568  INFO 26952 --- [    Test worker] o.h.h.i.QueryTranslatorFactoryInitiator  : HHH000397: Using ASTQueryTranslatorFactory
2022-08-11 02:49:19.809  INFO 26952 --- [    Test worker] o.s.s.web.DefaultSecurityFilterChain     : Creating filter chain: any request, [org.springframework.security.web.context.request.async.WebAsyncManagerIntegrationFilter@77f32484, org.springframework.security.web.context.SecurityContextPersistenceFilter@3e40433c, org.springframework.security.web.header.HeaderWriterFilter@3a9d48d5, org.springframework.security.web.authentication.logout.LogoutFilter@7690ca70, org.springframework.security.oauth2.client.web.OAuth2AuthorizationRequestRedirectFilter@3f382493, org.springframework.security.oauth2.client.web.OAuth2LoginAuthenticationFilter@3d77594c, org.springframework.security.web.authentication.ui.DefaultLoginPageGeneratingFilter@4af529b1, org.springframework.security.web.authentication.ui.DefaultLogoutPageGeneratingFilter@38b71386, org.springframework.security.web.savedrequest.RequestCacheAwareFilter@1612e3e5, org.springframework.security.web.servletapi.SecurityContextHolderAwareRequestFilter@4699ca12, org.springframework.security.web.authentication.AnonymousAuthenticationFilter@46d5a4bf, org.springframework.security.web.session.SessionManagementFilter@727fc3eb, org.springframework.security.web.access.ExceptionTranslationFilter@29103d4c, org.springframework.security.web.access.intercept.FilterSecurityInterceptor@199c24e]
2022-08-11 02:49:20.126  INFO 26952 --- [    Test worker] o.s.s.concurrent.ThreadPoolTaskExecutor  : Initializing ExecutorService 'applicationTaskExecutor'
2022-08-11 02:49:20.147  WARN 26952 --- [    Test worker] aWebConfiguration$JpaWebMvcConfiguration : spring.jpa.open-in-view is enabled by default. Therefore, database queries may be performed during view rendering. Explicitly configure spring.jpa.open-in-view to disable this warning
2022-08-11 02:49:20.204  INFO 26952 --- [    Test worker] o.s.b.a.w.s.WelcomePageHandlerMapping    : Adding welcome page template: index
2022-08-11 02:49:20.848  INFO 26952 --- [    Test worker] s.a.ScheduledAnnotationBeanPostProcessor : No TaskScheduler/ScheduledExecutorService bean found for scheduled processing
2022-08-11 02:49:20.886  INFO 26952 --- [    Test worker] o.s.b.w.embedded.tomcat.TomcatWebServer  : Tomcat started on port(s): 58896 (http) with context path ''
2022-08-11 02:49:20.888  INFO 26952 --- [    Test worker] c.I.b.s.web.IndexControllerTest          : Started IndexControllerTest in 4.196 seconds (JVM running for 19.199)
2022-08-11 02:49:21.134  INFO 26952 --- [o-auto-1-exec-1] o.a.c.c.C.[Tomcat].[localhost].[/]       : Initializing Spring DispatcherServlet 'dispatcherServlet'
2022-08-11 02:49:21.135  INFO 26952 --- [o-auto-1-exec-1] o.s.web.servlet.DispatcherServlet        : Initializing Servlet 'dispatcherServlet'
2022-08-11 02:49:21.185  INFO 26952 --- [o-auto-1-exec-1] o.s.web.servlet.DispatcherServlet        : Completed initialization in 49 ms
Hibernate: select posts0_.id as id1_0_, posts0_.created_date as created_2_0_, posts0_.modified_date as modified3_0_, posts0_.author as author4_0_, posts0_.content as content5_0_, posts0_.title as title6_0_ from posts posts0_ order by posts0_.id DESC
]]></system-out>
  <system-err><![CDATA[]]></system-err>
</testsuite>
