<?xml version="1.0" encoding="UTF-8"?>
<testsuite name="com.Imadeveloperrr.book.springboot.web.HelloControllerTest" tests="2" skipped="0" failures="0" errors="0" timestamp="2022-08-10T17:49:16" hostname="DESKTOP-58KD2SE" time="0.222">
  <properties/>
  <testcase name="hellodto가_리턴된다" classname="com.Imadeveloperrr.book.springboot.web.HelloControllerTest" time="0.212"/>
  <testcase name="hello가_리턴된다" classname="com.Imadeveloperrr.book.springboot.web.HelloControllerTest" time="0.01"/>
  <system-out><![CDATA[2022-08-11 02:49:14.832  INFO 26952 --- [    Test worker] .b.t.a.w.s.WebMvcTestContextBootstrapper : Neither @ContextConfiguration nor @ContextHierarchy found for test class [com.Imadeveloperrr.book.springboot.web.HelloControllerTest], using SpringBootContextLoader
2022-08-11 02:49:14.834  INFO 26952 --- [    Test worker] o.s.t.c.support.AbstractContextLoader    : Could not detect default resource locations for test class [com.Imadeveloperrr.book.springboot.web.HelloControllerTest]: no resource found for suffixes {-context.xml, Context.groovy}.
2022-08-11 02:49:14.834  INFO 26952 --- [    Test worker] t.c.s.AnnotationConfigContextLoaderUtils : Could not detect default configuration classes for test class [com.Imadeveloperrr.book.springboot.web.HelloControllerTest]: HelloControllerTest does not declare any static, non-private, non-final, nested classes annotated with @Configuration.
2022-08-11 02:49:14.874  INFO 26952 --- [    Test worker] .b.t.c.SpringBootTestContextBootstrapper : Found @SpringBootConfiguration com.Imadeveloperrr.book.springboot.Application for test class com.Imadeveloperrr.book.springboot.web.HelloControllerTest
2022-08-11 02:49:14.875  INFO 26952 --- [    Test worker] .b.t.a.w.s.WebMvcTestContextBootstrapper : Loaded default TestExecutionListener class names from location [META-INF/spring.factories]: [org.springframework.security.test.context.support.WithSecurityContextTestExecutionListener, org.springframework.security.test.context.support.ReactorContextTestExecutionListener, org.springframework.boot.test.autoconfigure.restdocs.RestDocsTestExecutionListener, org.springframework.boot.test.autoconfigure.web.client.MockRestServiceServerResetTestExecutionListener, org.springframework.boot.test.autoconfigure.web.servlet.MockMvcPrintOnlyOnFailureTestExecutionListener, org.springframework.boot.test.autoconfigure.web.servlet.WebDriverTestExecutionListener, org.springframework.boot.test.mock.mockito.MockitoTestExecutionListener, org.springframework.boot.test.mock.mockito.ResetMocksTestExecutionListener, org.springframework.test.context.web.ServletTestExecutionListener, org.springframework.test.context.support.DirtiesContextBeforeModesTestExecutionListener, org.springframework.test.context.support.DependencyInjectionTestExecutionListener, org.springframework.test.context.support.DirtiesContextTestExecutionListener, org.springframework.test.context.transaction.TransactionalTestExecutionListener, org.springframework.test.context.jdbc.SqlScriptsTestExecutionListener]
2022-08-11 02:49:14.878  INFO 26952 --- [    Test worker] .b.t.a.w.s.WebMvcTestContextBootstrapper : Using TestExecutionListeners: [org.springframework.test.context.web.ServletTestExecutionListener@7aea023c, org.springframework.test.context.support.DirtiesContextBeforeModesTestExecutionListener@3a9fa089, org.springframework.boot.test.mock.mockito.MockitoTestExecutionListener@5878b62b, org.springframework.boot.test.autoconfigure.SpringBootDependencyInjectionTestExecutionListener@10b62d65, org.springframework.test.context.support.DirtiesContextTestExecutionListener@3a6736ad, org.springframework.test.context.transaction.TransactionalTestExecutionListener@7d3b4280, org.springframework.test.context.jdbc.SqlScriptsTestExecutionListener@606f7ae2, org.springframework.security.test.context.support.WithSecurityContextTestExecutionListener@4113ae8f, org.springframework.security.test.context.support.ReactorContextTestExecutionListener@42c23a5e, org.springframework.boot.test.autoconfigure.restdocs.RestDocsTestExecutionListener@65ca4fc4, org.springframework.boot.test.autoconfigure.web.client.MockRestServiceServerResetTestExecutionListener@7e6981f5, org.springframework.boot.test.autoconfigure.web.servlet.MockMvcPrintOnlyOnFailureTestExecutionListener@22522f61, org.springframework.boot.test.autoconfigure.web.servlet.WebDriverTestExecutionListener@7191e1bf, org.springframework.boot.test.mock.mockito.ResetMocksTestExecutionListener@46923426]

  .   ____          _            __ _ _
 /\\ / ___'_ __ _ _(_)_ __  __ _ \ \ \ \
( ( )\___ | '_ | '_| | '_ \/ _` | \ \ \ \
 \\/  ___)| |_)| | | | | || (_| |  ) ) ) )
  '  |____| .__|_| |_|_| |_\__, | / / / /
 =========|_|==============|___/=/_/_/_/
 :: Spring Boot ::        (v2.1.7.RELEASE)

2022-08-11 02:49:14.941  INFO 26952 --- [    Test worker] c.I.b.s.web.HelloControllerTest          : Starting HelloControllerTest on DESKTOP-58KD2SE with PID 26952 (started by pc in C:\스프링공부\freelec-springboot2-webservice)
2022-08-11 02:49:14.943  INFO 26952 --- [    Test worker] c.I.b.s.web.HelloControllerTest          : No active profile set, falling back to default profiles: default
2022-08-11 02:49:15.673  INFO 26952 --- [    Test worker] o.s.s.concurrent.ThreadPoolTaskExecutor  : Initializing ExecutorService 'applicationTaskExecutor'
2022-08-11 02:49:15.740  INFO 26952 --- [    Test worker] o.s.b.a.w.s.WelcomePageHandlerMapping    : Adding welcome page template: index
2022-08-11 02:49:16.098  INFO 26952 --- [    Test worker] .s.s.UserDetailsServiceAutoConfiguration : 

Using generated security password: 3496183b-2083-41e8-b01b-8498e9143634

2022-08-11 02:49:16.335  INFO 26952 --- [    Test worker] o.s.s.web.DefaultSecurityFilterChain     : Creating filter chain: any request, [org.springframework.security.web.context.request.async.WebAsyncManagerIntegrationFilter@2d0a2008, org.springframework.security.web.context.SecurityContextPersistenceFilter@4831f2d9, org.springframework.security.web.header.HeaderWriterFilter@43b0f15c, org.springframework.security.web.csrf.CsrfFilter@e3f5f19, org.springframework.security.web.authentication.logout.LogoutFilter@9fa487b, org.springframework.security.web.authentication.UsernamePasswordAuthenticationFilter@656fe0f2, org.springframework.security.web.authentication.ui.DefaultLoginPageGeneratingFilter@264f63cc, org.springframework.security.web.authentication.ui.DefaultLogoutPageGeneratingFilter@a2e35d, org.springframework.security.web.authentication.www.BasicAuthenticationFilter@4dbe429d, org.springframework.security.web.savedrequest.RequestCacheAwareFilter@48559733, org.springframework.security.web.servletapi.SecurityContextHolderAwareRequestFilter@c2ba574, org.springframework.security.web.authentication.AnonymousAuthenticationFilter@3fb7e37e, org.springframework.security.web.session.SessionManagementFilter@3783b9a4, org.springframework.security.web.access.ExceptionTranslationFilter@3da7a864, org.springframework.security.web.access.intercept.FilterSecurityInterceptor@15581e0a]
2022-08-11 02:49:16.389  INFO 26952 --- [    Test worker] o.s.b.t.m.w.SpringBootMockServletContext : Initializing Spring TestDispatcherServlet ''
2022-08-11 02:49:16.389  INFO 26952 --- [    Test worker] o.s.t.web.servlet.TestDispatcherServlet  : Initializing Servlet ''
2022-08-11 02:49:16.414  INFO 26952 --- [    Test worker] o.s.t.web.servlet.TestDispatcherServlet  : Completed initialization in 24 ms
2022-08-11 02:49:16.452  INFO 26952 --- [    Test worker] c.I.b.s.web.HelloControllerTest          : Started HelloControllerTest in 1.571 seconds (JVM running for 14.763)
]]></system-out>
  <system-err><![CDATA[]]></system-err>
</testsuite>
