<?xml version="1.0" encoding="UTF-8"?>
<testsuite name="com.Imadeveloperrr.book.springboot.web.IndexControllerTest" tests="1" skipped="0" failures="0" errors="0" timestamp="2022-07-31T15:45:18" hostname="DESKTOP-58KD2SE" time="0.284">
  <properties/>
  <testcase name="메인페이지_로딩" classname="com.Imadeveloperrr.book.springboot.web.IndexControllerTest" time="0.284"/>
  <system-out><![CDATA[2022-08-01 00:45:15.194  INFO 6748 --- [    Test worker] .b.t.c.SpringBootTestContextBootstrapper : Neither @ContextConfiguration nor @ContextHierarchy found for test class [com.Imadeveloperrr.book.springboot.web.IndexControllerTest], using SpringBootContextLoader
2022-08-01 00:45:15.195  INFO 6748 --- [    Test worker] o.s.t.c.support.AbstractContextLoader    : Could not detect default resource locations for test class [com.Imadeveloperrr.book.springboot.web.IndexControllerTest]: no resource found for suffixes {-context.xml, Context.groovy}.
2022-08-01 00:45:15.196  INFO 6748 --- [    Test worker] t.c.s.AnnotationConfigContextLoaderUtils : Could not detect default configuration classes for test class [com.Imadeveloperrr.book.springboot.web.IndexControllerTest]: IndexControllerTest does not declare any static, non-private, non-final, nested classes annotated with @Configuration.
2022-08-01 00:45:15.198  INFO 6748 --- [    Test worker] .b.t.c.SpringBootTestContextBootstrapper : Found @SpringBootConfiguration com.Imadeveloperrr.book.springboot.Application for test class com.Imadeveloperrr.book.springboot.web.IndexControllerTest
2022-08-01 00:45:15.200  INFO 6748 --- [    Test worker] .b.t.c.SpringBootTestContextBootstrapper : Loaded default TestExecutionListener class names from location [META-INF/spring.factories]: [org.springframework.security.test.context.support.WithSecurityContextTestExecutionListener, org.springframework.security.test.context.support.ReactorContextTestExecutionListener, org.springframework.boot.test.autoconfigure.restdocs.RestDocsTestExecutionListener, org.springframework.boot.test.autoconfigure.web.client.MockRestServiceServerResetTestExecutionListener, org.springframework.boot.test.autoconfigure.web.servlet.MockMvcPrintOnlyOnFailureTestExecutionListener, org.springframework.boot.test.autoconfigure.web.servlet.WebDriverTestExecutionListener, org.springframework.boot.test.mock.mockito.MockitoTestExecutionListener, org.springframework.boot.test.mock.mockito.ResetMocksTestExecutionListener, org.springframework.test.context.web.ServletTestExecutionListener, org.springframework.test.context.support.DirtiesContextBeforeModesTestExecutionListener, org.springframework.test.context.support.DependencyInjectionTestExecutionListener, org.springframework.test.context.support.DirtiesContextTestExecutionListener, org.springframework.test.context.transaction.TransactionalTestExecutionListener, org.springframework.test.context.jdbc.SqlScriptsTestExecutionListener]
2022-08-01 00:45:15.202  INFO 6748 --- [    Test worker] .b.t.c.SpringBootTestContextBootstrapper : Using TestExecutionListeners: [org.springframework.test.context.web.ServletTestExecutionListener@7728e4b5, org.springframework.test.context.support.DirtiesContextBeforeModesTestExecutionListener@2c1d7df5, org.springframework.boot.test.mock.mockito.MockitoTestExecutionListener@7d88674b, org.springframework.boot.test.autoconfigure.SpringBootDependencyInjectionTestExecutionListener@4d252bc6, org.springframework.test.context.support.DirtiesContextTestExecutionListener@7d98639b, org.springframework.test.context.transaction.TransactionalTestExecutionListener@3aad5b08, org.springframework.test.context.jdbc.SqlScriptsTestExecutionListener@4a1d129, org.springframework.security.test.context.support.WithSecurityContextTestExecutionListener@60bea160, org.springframework.security.test.context.support.ReactorContextTestExecutionListener@5e048257, org.springframework.boot.test.autoconfigure.restdocs.RestDocsTestExecutionListener@e21f784, org.springframework.boot.test.autoconfigure.web.client.MockRestServiceServerResetTestExecutionListener@48357f0, org.springframework.boot.test.autoconfigure.web.servlet.MockMvcPrintOnlyOnFailureTestExecutionListener@112343a1, org.springframework.boot.test.autoconfigure.web.servlet.WebDriverTestExecutionListener@6bcf6de8, org.springframework.boot.test.mock.mockito.ResetMocksTestExecutionListener@6ad33ac2]

  .   ____          _            __ _ _
 /\\ / ___'_ __ _ _(_)_ __  __ _ \ \ \ \
( ( )\___ | '_ | '_| | '_ \/ _` | \ \ \ \
 \\/  ___)| |_)| | | | | || (_| |  ) ) ) )
  '  |____| .__|_| |_|_| |_\__, | / / / /
 =========|_|==============|___/=/_/_/_/
 :: Spring Boot ::        (v2.1.7.RELEASE)

2022-08-01 00:45:15.280  INFO 6748 --- [    Test worker] c.I.b.s.web.IndexControllerTest          : Starting IndexControllerTest on DESKTOP-58KD2SE with PID 6748 (started by pc in C:\스프링공부\freelec-springboot2-webservice)
2022-08-01 00:45:15.281  INFO 6748 --- [    Test worker] c.I.b.s.web.IndexControllerTest          : No active profile set, falling back to default profiles: default
2022-08-01 00:45:15.673  INFO 6748 --- [    Test worker] .s.d.r.c.RepositoryConfigurationDelegate : Bootstrapping Spring Data repositories in DEFAULT mode.
2022-08-01 00:45:15.724  INFO 6748 --- [    Test worker] .s.d.r.c.RepositoryConfigurationDelegate : Finished Spring Data repository scanning in 51ms. Found 2 repository interfaces.
2022-08-01 00:45:15.889  INFO 6748 --- [    Test worker] trationDelegate$BeanPostProcessorChecker : Bean 'org.springframework.transaction.annotation.ProxyTransactionManagementConfiguration' of type [org.springframework.transaction.annotation.ProxyTransactionManagementConfiguration$$EnhancerBySpringCGLIB$$db3ad6a2] is not eligible for getting processed by all BeanPostProcessors (for example: not eligible for auto-proxying)
2022-08-01 00:45:16.229  INFO 6748 --- [    Test worker] o.s.b.w.embedded.tomcat.TomcatWebServer  : Tomcat initialized with port(s): 0 (http)
2022-08-01 00:45:16.284  INFO 6748 --- [    Test worker] o.apache.catalina.core.StandardService   : Starting service [Tomcat]
2022-08-01 00:45:16.285  INFO 6748 --- [    Test worker] org.apache.catalina.core.StandardEngine  : Starting Servlet engine: [Apache Tomcat/9.0.22]
2022-08-01 00:45:16.566  INFO 6748 --- [    Test worker] o.a.c.c.C.[Tomcat].[localhost].[/]       : Initializing Spring embedded WebApplicationContext
2022-08-01 00:45:16.566  INFO 6748 --- [    Test worker] o.s.web.context.ContextLoader            : Root WebApplicationContext: initialization completed in 1280 ms
2022-08-01 00:45:16.818  INFO 6748 --- [    Test worker] com.zaxxer.hikari.HikariDataSource       : HikariPool-2 - Starting...
2022-08-01 00:45:16.819  INFO 6748 --- [    Test worker] com.zaxxer.hikari.HikariDataSource       : HikariPool-2 - Start completed.
2022-08-01 00:45:16.875  INFO 6748 --- [    Test worker] o.hibernate.jpa.internal.util.LogHelper  : HHH000204: Processing PersistenceUnitInfo [
	name: default
	...]
2022-08-01 00:45:16.897  INFO 6748 --- [    Test worker] org.hibernate.dialect.Dialect            : HHH000400: Using dialect: org.hibernate.dialect.MySQL5InnoDBDialect
Hibernate: drop table if exists posts
Hibernate: drop table if exists user
Hibernate: create table posts (id bigint not null auto_increment, created_date datetime, modified_date datetime, author varchar(255), content TEXT not null, title varchar(500) not null, primary key (id)) engine=InnoDB
Hibernate: create table user (id bigint not null auto_increment, created_date datetime, modified_date datetime, email varchar(255) not null, name varchar(255) not null, picture varchar(255), role varchar(255) not null, primary key (id)) engine=InnoDB
2022-08-01 00:45:16.991  INFO 6748 --- [    Test worker] o.h.t.schema.internal.SchemaCreatorImpl  : HHH000476: Executing import script 'org.hibernate.tool.schema.internal.exec.ScriptSourceInputNonExistentImpl@71b0cc09'
2022-08-01 00:45:16.992  INFO 6748 --- [    Test worker] j.LocalContainerEntityManagerFactoryBean : Initialized JPA EntityManagerFactory for persistence unit 'default'
2022-08-01 00:45:17.431  INFO 6748 --- [    Test worker] o.h.h.i.QueryTranslatorFactoryInitiator  : HHH000397: Using ASTQueryTranslatorFactory
2022-08-01 00:45:17.645  INFO 6748 --- [    Test worker] o.s.s.web.DefaultSecurityFilterChain     : Creating filter chain: any request, [org.springframework.security.web.context.request.async.WebAsyncManagerIntegrationFilter@3fdf3987, org.springframework.security.web.context.SecurityContextPersistenceFilter@41cbb774, org.springframework.security.web.header.HeaderWriterFilter@f9876a1, org.springframework.security.web.authentication.logout.LogoutFilter@315245c7, org.springframework.security.oauth2.client.web.OAuth2AuthorizationRequestRedirectFilter@7ab52ac9, org.springframework.security.oauth2.client.web.OAuth2LoginAuthenticationFilter@5004a5c6, org.springframework.security.web.authentication.ui.DefaultLoginPageGeneratingFilter@2dbe3713, org.springframework.security.web.authentication.ui.DefaultLogoutPageGeneratingFilter@33c89796, org.springframework.security.web.savedrequest.RequestCacheAwareFilter@4753de6e, org.springframework.security.web.servletapi.SecurityContextHolderAwareRequestFilter@b32955b, org.springframework.security.web.authentication.AnonymousAuthenticationFilter@60f81044, org.springframework.security.web.session.SessionManagementFilter@3ba3a137, org.springframework.security.web.access.ExceptionTranslationFilter@2e08fcc, org.springframework.security.web.access.intercept.FilterSecurityInterceptor@678d62c8]
2022-08-01 00:45:17.873  INFO 6748 --- [    Test worker] o.s.s.concurrent.ThreadPoolTaskExecutor  : Initializing ExecutorService 'applicationTaskExecutor'
2022-08-01 00:45:17.890  WARN 6748 --- [    Test worker] aWebConfiguration$JpaWebMvcConfiguration : spring.jpa.open-in-view is enabled by default. Therefore, database queries may be performed during view rendering. Explicitly configure spring.jpa.open-in-view to disable this warning
2022-08-01 00:45:17.925  INFO 6748 --- [    Test worker] o.s.b.a.w.s.WelcomePageHandlerMapping    : Adding welcome page template: index
2022-08-01 00:45:18.279  INFO 6748 --- [    Test worker] s.a.ScheduledAnnotationBeanPostProcessor : No TaskScheduler/ScheduledExecutorService bean found for scheduled processing
2022-08-01 00:45:18.306  INFO 6748 --- [    Test worker] o.s.b.w.embedded.tomcat.TomcatWebServer  : Tomcat started on port(s): 57849 (http) with context path ''
2022-08-01 00:45:18.307  INFO 6748 --- [    Test worker] c.I.b.s.web.IndexControllerTest          : Started IndexControllerTest in 3.103 seconds (JVM running for 19.337)
2022-08-01 00:45:18.456  INFO 6748 --- [o-auto-1-exec-1] o.a.c.c.C.[Tomcat].[localhost].[/]       : Initializing Spring DispatcherServlet 'dispatcherServlet'
2022-08-01 00:45:18.456  INFO 6748 --- [o-auto-1-exec-1] o.s.web.servlet.DispatcherServlet        : Initializing Servlet 'dispatcherServlet'
2022-08-01 00:45:18.484  INFO 6748 --- [o-auto-1-exec-1] o.s.web.servlet.DispatcherServlet        : Completed initialization in 28 ms
Hibernate: select posts0_.id as id1_0_, posts0_.created_date as created_2_0_, posts0_.modified_date as modified3_0_, posts0_.author as author4_0_, posts0_.content as content5_0_, posts0_.title as title6_0_ from posts posts0_ order by posts0_.id DESC
]]></system-out>
  <system-err><![CDATA[]]></system-err>
</testsuite>
