<?xml version="1.0" encoding="UTF-8"?>
<testsuite name="com.Imadeveloperrr.book.springboot.web.domain.posts.PostsRepositoryTest" tests="2" skipped="0" failures="0" errors="0" timestamp="2022-08-09T12:55:24" hostname="DESKTOP-58KD2SE" time="0.408">
  <properties/>
  <testcase name="게시글저장_불러오기" classname="com.Imadeveloperrr.book.springboot.web.domain.posts.PostsRepositoryTest" time="0.388"/>
  <testcase name="BaseTimeEntity_등록" classname="com.Imadeveloperrr.book.springboot.web.domain.posts.PostsRepositoryTest" time="0.019"/>
  <system-out><![CDATA[21:55:13.894 [Test worker] DEBUG org.springframework.test.context.junit4.SpringJUnit4ClassRunner - SpringJUnit4ClassRunner constructor called with [class com.Imadeveloperrr.book.springboot.web.domain.posts.PostsRepositoryTest]
21:55:13.911 [Test worker] DEBUG org.springframework.test.context.BootstrapUtils - Instantiating CacheAwareContextLoaderDelegate from class [org.springframework.test.context.cache.DefaultCacheAwareContextLoaderDelegate]
21:55:13.929 [Test worker] DEBUG org.springframework.test.context.BootstrapUtils - Instantiating BootstrapContext using constructor [public org.springframework.test.context.support.DefaultBootstrapContext(java.lang.Class,org.springframework.test.context.CacheAwareContextLoaderDelegate)]
21:55:13.956 [Test worker] DEBUG org.springframework.test.context.BootstrapUtils - Instantiating TestContextBootstrapper for test class [com.Imadeveloperrr.book.springboot.web.domain.posts.PostsRepositoryTest] from class [org.springframework.boot.test.context.SpringBootTestContextBootstrapper]
21:55:13.986 [Test worker] INFO org.springframework.boot.test.context.SpringBootTestContextBootstrapper - Neither @ContextConfiguration nor @ContextHierarchy found for test class [com.Imadeveloperrr.book.springboot.web.domain.posts.PostsRepositoryTest], using SpringBootContextLoader
21:55:13.993 [Test worker] DEBUG org.springframework.test.context.support.AbstractContextLoader - Did not detect default resource location for test class [com.Imadeveloperrr.book.springboot.web.domain.posts.PostsRepositoryTest]: class path resource [com/Imadeveloperrr/book/springboot/web/domain/posts/PostsRepositoryTest-context.xml] does not exist
21:55:13.994 [Test worker] DEBUG org.springframework.test.context.support.AbstractContextLoader - Did not detect default resource location for test class [com.Imadeveloperrr.book.springboot.web.domain.posts.PostsRepositoryTest]: class path resource [com/Imadeveloperrr/book/springboot/web/domain/posts/PostsRepositoryTestContext.groovy] does not exist
21:55:13.994 [Test worker] INFO org.springframework.test.context.support.AbstractContextLoader - Could not detect default resource locations for test class [com.Imadeveloperrr.book.springboot.web.domain.posts.PostsRepositoryTest]: no resource found for suffixes {-context.xml, Context.groovy}.
21:55:13.996 [Test worker] INFO org.springframework.test.context.support.AnnotationConfigContextLoaderUtils - Could not detect default configuration classes for test class [com.Imadeveloperrr.book.springboot.web.domain.posts.PostsRepositoryTest]: PostsRepositoryTest does not declare any static, non-private, non-final, nested classes annotated with @Configuration.
21:55:14.078 [Test worker] DEBUG org.springframework.test.context.support.ActiveProfilesUtils - Could not find an 'annotation declaring class' for annotation type [org.springframework.test.context.ActiveProfiles] and class [com.Imadeveloperrr.book.springboot.web.domain.posts.PostsRepositoryTest]
21:55:14.251 [Test worker] DEBUG org.springframework.context.annotation.ClassPathScanningCandidateComponentProvider - Identified candidate component class: file [C:\스프링공부\freelec-springboot2-webservice\build\classes\java\main\com\Imadeveloperrr\book\springboot\Application.class]
21:55:14.252 [Test worker] INFO org.springframework.boot.test.context.SpringBootTestContextBootstrapper - Found @SpringBootConfiguration com.Imadeveloperrr.book.springboot.Application for test class com.Imadeveloperrr.book.springboot.web.domain.posts.PostsRepositoryTest
21:55:14.419 [Test worker] DEBUG org.springframework.boot.test.context.SpringBootTestContextBootstrapper - @TestExecutionListeners is not present for class [com.Imadeveloperrr.book.springboot.web.domain.posts.PostsRepositoryTest]: using defaults.
21:55:14.420 [Test worker] INFO org.springframework.boot.test.context.SpringBootTestContextBootstrapper - Loaded default TestExecutionListener class names from location [META-INF/spring.factories]: [org.springframework.security.test.context.support.WithSecurityContextTestExecutionListener, org.springframework.security.test.context.support.ReactorContextTestExecutionListener, org.springframework.boot.test.autoconfigure.restdocs.RestDocsTestExecutionListener, org.springframework.boot.test.autoconfigure.web.client.MockRestServiceServerResetTestExecutionListener, org.springframework.boot.test.autoconfigure.web.servlet.MockMvcPrintOnlyOnFailureTestExecutionListener, org.springframework.boot.test.autoconfigure.web.servlet.WebDriverTestExecutionListener, org.springframework.boot.test.mock.mockito.MockitoTestExecutionListener, org.springframework.boot.test.mock.mockito.ResetMocksTestExecutionListener, org.springframework.test.context.web.ServletTestExecutionListener, org.springframework.test.context.support.DirtiesContextBeforeModesTestExecutionListener, org.springframework.test.context.support.DependencyInjectionTestExecutionListener, org.springframework.test.context.support.DirtiesContextTestExecutionListener, org.springframework.test.context.transaction.TransactionalTestExecutionListener, org.springframework.test.context.jdbc.SqlScriptsTestExecutionListener]
21:55:14.458 [Test worker] INFO org.springframework.boot.test.context.SpringBootTestContextBootstrapper - Using TestExecutionListeners: [org.springframework.test.context.web.ServletTestExecutionListener@4569d5, org.springframework.test.context.support.DirtiesContextBeforeModesTestExecutionListener@4dc34d22, org.springframework.boot.test.mock.mockito.MockitoTestExecutionListener@587439de, org.springframework.boot.test.autoconfigure.SpringBootDependencyInjectionTestExecutionListener@445a888d, org.springframework.test.context.support.DirtiesContextTestExecutionListener@6f7a4a12, org.springframework.test.context.transaction.TransactionalTestExecutionListener@3807b082, org.springframework.test.context.jdbc.SqlScriptsTestExecutionListener@4144d495, org.springframework.security.test.context.support.WithSecurityContextTestExecutionListener@51ca22d0, org.springframework.security.test.context.support.ReactorContextTestExecutionListener@6c5dc821, org.springframework.boot.test.autoconfigure.restdocs.RestDocsTestExecutionListener@695be688, org.springframework.boot.test.autoconfigure.web.client.MockRestServiceServerResetTestExecutionListener@edc674a, org.springframework.boot.test.autoconfigure.web.servlet.MockMvcPrintOnlyOnFailureTestExecutionListener@e8008e3, org.springframework.boot.test.autoconfigure.web.servlet.WebDriverTestExecutionListener@c1ed5d2, org.springframework.boot.test.mock.mockito.ResetMocksTestExecutionListener@3a470d7f]
21:55:14.462 [Test worker] DEBUG org.springframework.test.annotation.ProfileValueUtils - Retrieved @ProfileValueSourceConfiguration [null] for test class [com.Imadeveloperrr.book.springboot.web.domain.posts.PostsRepositoryTest]
21:55:14.463 [Test worker] DEBUG org.springframework.test.annotation.ProfileValueUtils - Retrieved ProfileValueSource type [class org.springframework.test.annotation.SystemProfileValueSource] for class [com.Imadeveloperrr.book.springboot.web.domain.posts.PostsRepositoryTest]
21:55:14.464 [Test worker] DEBUG org.springframework.test.annotation.ProfileValueUtils - Retrieved @ProfileValueSourceConfiguration [null] for test class [com.Imadeveloperrr.book.springboot.web.domain.posts.PostsRepositoryTest]
21:55:14.465 [Test worker] DEBUG org.springframework.test.annotation.ProfileValueUtils - Retrieved ProfileValueSource type [class org.springframework.test.annotation.SystemProfileValueSource] for class [com.Imadeveloperrr.book.springboot.web.domain.posts.PostsRepositoryTest]
21:55:14.473 [Test worker] DEBUG org.springframework.test.context.support.AbstractDirtiesContextTestExecutionListener - Before test class: context [DefaultTestContext@4509dade testClass = PostsRepositoryTest, testInstance = [null], testMethod = [null], testException = [null], mergedContextConfiguration = [WebMergedContextConfiguration@2c427748 testClass = PostsRepositoryTest, locations = '{}', classes = '{class com.Imadeveloperrr.book.springboot.Application}', contextInitializerClasses = '[]', activeProfiles = '{}', propertySourceLocations = '{}', propertySourceProperties = '{org.springframework.boot.test.context.SpringBootTestContextBootstrapper=true}', contextCustomizers = set[org.springframework.boot.test.autoconfigure.properties.PropertyMappingContextCustomizer@0, org.springframework.boot.test.autoconfigure.web.servlet.WebDriverContextCustomizerFactory$Customizer@9ed913e, org.springframework.boot.test.context.filter.ExcludeFilterContextCustomizer@528f8f7d, org.springframework.boot.test.json.DuplicateJsonObjectContextCustomizerFactory$DuplicateJsonObjectContextCustomizer@7df57fbc, org.springframework.boot.test.mock.mockito.MockitoContextCustomizer@0, org.springframework.boot.test.web.client.TestRestTemplateContextCustomizer@67db2c55], resourceBasePath = 'src/main/webapp', contextLoader = 'org.springframework.boot.test.context.SpringBootContextLoader', parent = [null]], attributes = map['org.springframework.test.context.web.ServletTestExecutionListener.activateListener' -> true]], class annotated with @DirtiesContext [false] with mode [null].
21:55:14.475 [Test worker] DEBUG org.springframework.test.annotation.ProfileValueUtils - Retrieved @ProfileValueSourceConfiguration [null] for test class [com.Imadeveloperrr.book.springboot.web.domain.posts.PostsRepositoryTest]
21:55:14.475 [Test worker] DEBUG org.springframework.test.annotation.ProfileValueUtils - Retrieved ProfileValueSource type [class org.springframework.test.annotation.SystemProfileValueSource] for class [com.Imadeveloperrr.book.springboot.web.domain.posts.PostsRepositoryTest]
21:55:14.523 [Test worker] DEBUG org.springframework.test.context.support.TestPropertySourceUtils - Adding inlined properties to environment: {spring.jmx.enabled=false, org.springframework.boot.test.context.SpringBootTestContextBootstrapper=true, server.port=-1}

  .   ____          _            __ _ _
 /\\ / ___'_ __ _ _(_)_ __  __ _ \ \ \ \
( ( )\___ | '_ | '_| | '_ \/ _` | \ \ \ \
 \\/  ___)| |_)| | | | | || (_| |  ) ) ) )
  '  |____| .__|_| |_|_| |_\__, | / / / /
 =========|_|==============|___/=/_/_/_/
 :: Spring Boot ::        (v2.1.7.RELEASE)

2022-08-09 21:55:14.984  INFO 23324 --- [    Test worker] c.I.b.s.w.d.posts.PostsRepositoryTest    : Starting PostsRepositoryTest on DESKTOP-58KD2SE with PID 23324 (started by pc in C:\스프링공부\freelec-springboot2-webservice)
2022-08-09 21:55:14.988  INFO 23324 --- [    Test worker] c.I.b.s.w.d.posts.PostsRepositoryTest    : No active profile set, falling back to default profiles: default
2022-08-09 21:55:16.555  INFO 23324 --- [    Test worker] .s.d.r.c.RepositoryConfigurationDelegate : Bootstrapping Spring Data repositories in DEFAULT mode.
2022-08-09 21:55:16.696  INFO 23324 --- [    Test worker] .s.d.r.c.RepositoryConfigurationDelegate : Finished Spring Data repository scanning in 126ms. Found 2 repository interfaces.
2022-08-09 21:55:17.544  INFO 23324 --- [    Test worker] trationDelegate$BeanPostProcessorChecker : Bean 'org.springframework.transaction.annotation.ProxyTransactionManagementConfiguration' of type [org.springframework.transaction.annotation.ProxyTransactionManagementConfiguration$$EnhancerBySpringCGLIB$$b32382bb] is not eligible for getting processed by all BeanPostProcessors (for example: not eligible for auto-proxying)
2022-08-09 21:55:17.934  INFO 23324 --- [    Test worker] com.zaxxer.hikari.HikariDataSource       : HikariPool-1 - Starting...
2022-08-09 21:55:18.227  INFO 23324 --- [    Test worker] com.zaxxer.hikari.HikariDataSource       : HikariPool-1 - Start completed.
2022-08-09 21:55:18.421  INFO 23324 --- [    Test worker] o.hibernate.jpa.internal.util.LogHelper  : HHH000204: Processing PersistenceUnitInfo [
	name: default
	...]
2022-08-09 21:55:18.586  INFO 23324 --- [    Test worker] org.hibernate.Version                    : HHH000412: Hibernate Core {5.3.10.Final}
2022-08-09 21:55:18.589  INFO 23324 --- [    Test worker] org.hibernate.cfg.Environment            : HHH000206: hibernate.properties not found
2022-08-09 21:55:18.977  INFO 23324 --- [    Test worker] o.hibernate.annotations.common.Version   : HCANN000001: Hibernate Commons Annotations {5.0.4.Final}
2022-08-09 21:55:19.283  INFO 23324 --- [    Test worker] org.hibernate.dialect.Dialect            : HHH000400: Using dialect: org.hibernate.dialect.MySQL8Dialect
Hibernate: drop table if exists posts
Hibernate: drop table if exists user
Hibernate: create table posts (id bigint not null auto_increment, created_date datetime(6), modified_date datetime(6), author varchar(255), content TEXT not null, title varchar(500) not null, primary key (id)) engine=InnoDB
Hibernate: create table user (id bigint not null auto_increment, created_date datetime(6), modified_date datetime(6), email varchar(255) not null, name varchar(255) not null, picture varchar(255), role varchar(255) not null, primary key (id)) engine=InnoDB
2022-08-09 21:55:20.333  INFO 23324 --- [    Test worker] o.h.t.schema.internal.SchemaCreatorImpl  : HHH000476: Executing import script 'org.hibernate.tool.schema.internal.exec.ScriptSourceInputNonExistentImpl@14e1dffe'
2022-08-09 21:55:20.339  INFO 23324 --- [    Test worker] j.LocalContainerEntityManagerFactoryBean : Initialized JPA EntityManagerFactory for persistence unit 'default'
2022-08-09 21:55:21.274  INFO 23324 --- [    Test worker] o.h.h.i.QueryTranslatorFactoryInitiator  : HHH000397: Using ASTQueryTranslatorFactory
2022-08-09 21:55:22.165  INFO 23324 --- [    Test worker] o.s.s.web.DefaultSecurityFilterChain     : Creating filter chain: any request, [org.springframework.security.web.context.request.async.WebAsyncManagerIntegrationFilter@754fc4e7, org.springframework.security.web.context.SecurityContextPersistenceFilter@63017858, org.springframework.security.web.header.HeaderWriterFilter@7015e71c, org.springframework.security.web.authentication.logout.LogoutFilter@46a284f4, org.springframework.security.oauth2.client.web.OAuth2AuthorizationRequestRedirectFilter@687f554d, org.springframework.security.oauth2.client.web.OAuth2LoginAuthenticationFilter@63c16a6b, org.springframework.security.web.authentication.ui.DefaultLoginPageGeneratingFilter@e2d7856, org.springframework.security.web.authentication.ui.DefaultLogoutPageGeneratingFilter@1bf7f1dd, org.springframework.security.web.savedrequest.RequestCacheAwareFilter@f3d3c87, org.springframework.security.web.servletapi.SecurityContextHolderAwareRequestFilter@30d00490, org.springframework.security.web.authentication.AnonymousAuthenticationFilter@1a9e4a92, org.springframework.security.web.session.SessionManagementFilter@1a959d8d, org.springframework.security.web.access.ExceptionTranslationFilter@2164d0a7, org.springframework.security.web.access.intercept.FilterSecurityInterceptor@6195df6b]
2022-08-09 21:55:23.223  INFO 23324 --- [    Test worker] o.s.s.concurrent.ThreadPoolTaskExecutor  : Initializing ExecutorService 'applicationTaskExecutor'
2022-08-09 21:55:23.339  WARN 23324 --- [    Test worker] aWebConfiguration$JpaWebMvcConfiguration : spring.jpa.open-in-view is enabled by default. Therefore, database queries may be performed during view rendering. Explicitly configure spring.jpa.open-in-view to disable this warning
2022-08-09 21:55:23.433  INFO 23324 --- [    Test worker] o.s.b.a.w.s.WelcomePageHandlerMapping    : Adding welcome page template: index
2022-08-09 21:55:24.395  INFO 23324 --- [    Test worker] s.a.ScheduledAnnotationBeanPostProcessor : No TaskScheduler/ScheduledExecutorService bean found for scheduled processing
2022-08-09 21:55:24.413  INFO 23324 --- [    Test worker] c.I.b.s.w.d.posts.PostsRepositoryTest    : Started PostsRepositoryTest in 9.872 seconds (JVM running for 12.069)
Hibernate: insert into posts (created_date, modified_date, author, content, title) values (?, ?, ?, ?, ?)
Hibernate: select posts0_.id as id1_0_, posts0_.created_date as created_2_0_, posts0_.modified_date as modified3_0_, posts0_.author as author4_0_, posts0_.content as content5_0_, posts0_.title as title6_0_ from posts posts0_
Hibernate: select posts0_.id as id1_0_, posts0_.created_date as created_2_0_, posts0_.modified_date as modified3_0_, posts0_.author as author4_0_, posts0_.content as content5_0_, posts0_.title as title6_0_ from posts posts0_
Hibernate: delete from posts where id=?
Hibernate: insert into posts (created_date, modified_date, author, content, title) values (?, ?, ?, ?, ?)
Hibernate: select posts0_.id as id1_0_, posts0_.created_date as created_2_0_, posts0_.modified_date as modified3_0_, posts0_.author as author4_0_, posts0_.content as content5_0_, posts0_.title as title6_0_ from posts posts0_
>>>>>>>>>> createDate=2022-08-09T21:55:24.838134, modifiedDate=2022-08-09T21:55:24.838134
Hibernate: select posts0_.id as id1_0_, posts0_.created_date as created_2_0_, posts0_.modified_date as modified3_0_, posts0_.author as author4_0_, posts0_.content as content5_0_, posts0_.title as title6_0_ from posts posts0_
Hibernate: delete from posts where id=?
]]></system-out>
  <system-err><![CDATA[]]></system-err>
</testsuite>
